[2026-05-20T16:39:43.141+0000] {processor.py:161} INFO - Started process (PID=51) to work on /opt/airflow/dags/rakuten_pipeline.py
[2026-05-20T16:39:43.142+0000] {processor.py:830} INFO - Processing file /opt/airflow/dags/rakuten_pipeline.py for tasks to queue
[2026-05-20T16:39:43.144+0000] {logging_mixin.py:188} INFO - [2026-05-20T16:39:43.143+0000] {dagbag.py:545} INFO - Filling up the DagBag from /opt/airflow/dags/rakuten_pipeline.py
[2026-05-20T16:39:43.156+0000] {processor.py:840} INFO - DAG(s) 'rakuten_mlops_pipeline' retrieved from /opt/airflow/dags/rakuten_pipeline.py
[2026-05-20T16:39:43.348+0000] {logging_mixin.py:188} INFO - [2026-05-20T16:39:43.347+0000] {override.py:1858} INFO - Created Permission View: can delete on DAG:rakuten_mlops_pipeline
[2026-05-20T16:39:43.373+0000] {logging_mixin.py:188} INFO - [2026-05-20T16:39:43.372+0000] {override.py:1858} INFO - Created Permission View: can read on DAG:rakuten_mlops_pipeline
[2026-05-20T16:39:43.389+0000] {logging_mixin.py:188} INFO - [2026-05-20T16:39:43.389+0000] {override.py:1858} INFO - Created Permission View: can edit on DAG:rakuten_mlops_pipeline
[2026-05-20T16:39:43.390+0000] {logging_mixin.py:188} INFO - [2026-05-20T16:39:43.390+0000] {dag.py:3089} INFO - Sync 1 DAGs
[2026-05-20T16:39:43.410+0000] {logging_mixin.py:188} INFO - [2026-05-20T16:39:43.410+0000] {dag.py:3111} INFO - Creating ORM DAG for rakuten_mlops_pipeline
[2026-05-20T16:39:43.411+0000] {logging_mixin.py:188} INFO - [2026-05-20T16:39:43.411+0000] {dag.py:3947} INFO - Setting next_dagrun for rakuten_mlops_pipeline to None, run_after=None
[2026-05-20T16:39:43.448+0000] {processor.py:183} INFO - Processing /opt/airflow/dags/rakuten_pipeline.py took 0.312 seconds
[2026-05-20T16:40:13.700+0000] {processor.py:161} INFO - Started process (PID=70) to work on /opt/airflow/dags/rakuten_pipeline.py
[2026-05-20T16:40:13.701+0000] {processor.py:830} INFO - Processing file /opt/airflow/dags/rakuten_pipeline.py for tasks to queue
[2026-05-20T16:40:13.704+0000] {logging_mixin.py:188} INFO - [2026-05-20T16:40:13.703+0000] {dagbag.py:545} INFO - Filling up the DagBag from /opt/airflow/dags/rakuten_pipeline.py
[2026-05-20T16:40:13.724+0000] {processor.py:840} INFO - DAG(s) 'rakuten_mlops_pipeline' retrieved from /opt/airflow/dags/rakuten_pipeline.py
[2026-05-20T16:40:13.750+0000] {logging_mixin.py:188} INFO - [2026-05-20T16:40:13.750+0000] {dag.py:3089} INFO - Sync 1 DAGs
[2026-05-20T16:40:13.764+0000] {logging_mixin.py:188} INFO - [2026-05-20T16:40:13.764+0000] {dag.py:3947} INFO - Setting next_dagrun for rakuten_mlops_pipeline to None, run_after=None
[2026-05-20T16:40:13.798+0000] {processor.py:183} INFO - Processing /opt/airflow/dags/rakuten_pipeline.py took 0.107 seconds
[2026-05-20T16:40:44.316+0000] {processor.py:161} INFO - Started process (PID=72) to work on /opt/airflow/dags/rakuten_pipeline.py
[2026-05-20T16:40:44.317+0000] {processor.py:830} INFO - Processing file /opt/airflow/dags/rakuten_pipeline.py for tasks to queue
[2026-05-20T16:40:44.319+0000] {logging_mixin.py:188} INFO - [2026-05-20T16:40:44.318+0000] {dagbag.py:545} INFO - Filling up the DagBag from /opt/airflow/dags/rakuten_pipeline.py
[2026-05-20T16:40:44.330+0000] {processor.py:840} INFO - DAG(s) 'rakuten_mlops_pipeline' retrieved from /opt/airflow/dags/rakuten_pipeline.py
[2026-05-20T16:40:44.356+0000] {logging_mixin.py:188} INFO - [2026-05-20T16:40:44.356+0000] {dag.py:3089} INFO - Sync 1 DAGs
[2026-05-20T16:40:44.370+0000] {logging_mixin.py:188} INFO - [2026-05-20T16:40:44.370+0000] {dag.py:3947} INFO - Setting next_dagrun for rakuten_mlops_pipeline to None, run_after=None
[2026-05-20T16:40:44.399+0000] {processor.py:183} INFO - Processing /opt/airflow/dags/rakuten_pipeline.py took 0.093 seconds
[2026-05-20T16:41:14.610+0000] {processor.py:161} INFO - Started process (PID=73) to work on /opt/airflow/dags/rakuten_pipeline.py
[2026-05-20T16:41:14.611+0000] {processor.py:830} INFO - Processing file /opt/airflow/dags/rakuten_pipeline.py for tasks to queue
[2026-05-20T16:41:14.613+0000] {logging_mixin.py:188} INFO - [2026-05-20T16:41:14.613+0000] {dagbag.py:545} INFO - Filling up the DagBag from /opt/airflow/dags/rakuten_pipeline.py
[2026-05-20T16:41:14.624+0000] {processor.py:840} INFO - DAG(s) 'rakuten_mlops_pipeline' retrieved from /opt/airflow/dags/rakuten_pipeline.py
[2026-05-20T16:41:14.650+0000] {logging_mixin.py:188} INFO - [2026-05-20T16:41:14.650+0000] {dag.py:3089} INFO - Sync 1 DAGs
[2026-05-20T16:41:14.665+0000] {logging_mixin.py:188} INFO - [2026-05-20T16:41:14.665+0000] {dag.py:3947} INFO - Setting next_dagrun for rakuten_mlops_pipeline to None, run_after=None
[2026-05-20T16:41:14.693+0000] {processor.py:183} INFO - Processing /opt/airflow/dags/rakuten_pipeline.py took 0.088 seconds
[2026-05-20T16:41:44.765+0000] {processor.py:161} INFO - Started process (PID=74) to work on /opt/airflow/dags/rakuten_pipeline.py
[2026-05-20T16:41:44.767+0000] {processor.py:830} INFO - Processing file /opt/airflow/dags/rakuten_pipeline.py for tasks to queue
[2026-05-20T16:41:44.769+0000] {logging_mixin.py:188} INFO - [2026-05-20T16:41:44.768+0000] {dagbag.py:545} INFO - Filling up the DagBag from /opt/airflow/dags/rakuten_pipeline.py
[2026-05-20T16:41:44.779+0000] {processor.py:840} INFO - DAG(s) 'rakuten_mlops_pipeline' retrieved from /opt/airflow/dags/rakuten_pipeline.py
[2026-05-20T16:41:44.804+0000] {logging_mixin.py:188} INFO - [2026-05-20T16:41:44.804+0000] {dag.py:3089} INFO - Sync 1 DAGs
[2026-05-20T16:41:44.819+0000] {logging_mixin.py:188} INFO - [2026-05-20T16:41:44.818+0000] {dag.py:3947} INFO - Setting next_dagrun for rakuten_mlops_pipeline to None, run_after=None
[2026-05-20T16:41:44.849+0000] {processor.py:183} INFO - Processing /opt/airflow/dags/rakuten_pipeline.py took 0.092 seconds
[2026-05-20T16:42:14.931+0000] {processor.py:161} INFO - Started process (PID=75) to work on /opt/airflow/dags/rakuten_pipeline.py
[2026-05-20T16:42:14.932+0000] {processor.py:830} INFO - Processing file /opt/airflow/dags/rakuten_pipeline.py for tasks to queue
[2026-05-20T16:42:14.934+0000] {logging_mixin.py:188} INFO - [2026-05-20T16:42:14.934+0000] {dagbag.py:545} INFO - Filling up the DagBag from /opt/airflow/dags/rakuten_pipeline.py
[2026-05-20T16:42:14.945+0000] {processor.py:840} INFO - DAG(s) 'rakuten_mlops_pipeline' retrieved from /opt/airflow/dags/rakuten_pipeline.py
[2026-05-20T16:42:14.971+0000] {logging_mixin.py:188} INFO - [2026-05-20T16:42:14.971+0000] {dag.py:3089} INFO - Sync 1 DAGs
[2026-05-20T16:42:14.984+0000] {logging_mixin.py:188} INFO - [2026-05-20T16:42:14.984+0000] {dag.py:3947} INFO - Setting next_dagrun for rakuten_mlops_pipeline to None, run_after=None
[2026-05-20T16:42:15.014+0000] {processor.py:183} INFO - Processing /opt/airflow/dags/rakuten_pipeline.py took 0.092 seconds
[2026-05-20T16:42:45.078+0000] {processor.py:161} INFO - Started process (PID=76) to work on /opt/airflow/dags/rakuten_pipeline.py
[2026-05-20T16:42:45.079+0000] {processor.py:830} INFO - Processing file /opt/airflow/dags/rakuten_pipeline.py for tasks to queue
[2026-05-20T16:42:45.082+0000] {logging_mixin.py:188} INFO - [2026-05-20T16:42:45.082+0000] {dagbag.py:545} INFO - Filling up the DagBag from /opt/airflow/dags/rakuten_pipeline.py
[2026-05-20T16:42:45.095+0000] {processor.py:840} INFO - DAG(s) 'rakuten_mlops_pipeline' retrieved from /opt/airflow/dags/rakuten_pipeline.py
[2026-05-20T16:42:45.126+0000] {logging_mixin.py:188} INFO - [2026-05-20T16:42:45.126+0000] {dag.py:3089} INFO - Sync 1 DAGs
[2026-05-20T16:42:45.142+0000] {logging_mixin.py:188} INFO - [2026-05-20T16:42:45.141+0000] {dag.py:3947} INFO - Setting next_dagrun for rakuten_mlops_pipeline to None, run_after=None
[2026-05-20T16:42:45.194+0000] {processor.py:183} INFO - Processing /opt/airflow/dags/rakuten_pipeline.py took 0.126 seconds
[2026-05-20T16:43:16.301+0000] {processor.py:161} INFO - Started process (PID=77) to work on /opt/airflow/dags/rakuten_pipeline.py
[2026-05-20T16:43:16.303+0000] {processor.py:830} INFO - Processing file /opt/airflow/dags/rakuten_pipeline.py for tasks to queue
[2026-05-20T16:43:16.306+0000] {logging_mixin.py:188} INFO - [2026-05-20T16:43:16.305+0000] {dagbag.py:545} INFO - Filling up the DagBag from /opt/airflow/dags/rakuten_pipeline.py
[2026-05-20T16:43:16.318+0000] {processor.py:840} INFO - DAG(s) 'rakuten_mlops_pipeline' retrieved from /opt/airflow/dags/rakuten_pipeline.py
[2026-05-20T16:43:16.349+0000] {logging_mixin.py:188} INFO - [2026-05-20T16:43:16.348+0000] {dag.py:3089} INFO - Sync 1 DAGs
[2026-05-20T16:43:16.364+0000] {logging_mixin.py:188} INFO - [2026-05-20T16:43:16.363+0000] {dag.py:3947} INFO - Setting next_dagrun for rakuten_mlops_pipeline to None, run_after=None
[2026-05-20T16:43:16.397+0000] {processor.py:183} INFO - Processing /opt/airflow/dags/rakuten_pipeline.py took 0.107 seconds
[2026-05-20T16:43:46.977+0000] {processor.py:161} INFO - Started process (PID=78) to work on /opt/airflow/dags/rakuten_pipeline.py
[2026-05-20T16:43:46.978+0000] {processor.py:830} INFO - Processing file /opt/airflow/dags/rakuten_pipeline.py for tasks to queue
[2026-05-20T16:43:46.980+0000] {logging_mixin.py:188} INFO - [2026-05-20T16:43:46.980+0000] {dagbag.py:545} INFO - Filling up the DagBag from /opt/airflow/dags/rakuten_pipeline.py
[2026-05-20T16:43:46.993+0000] {processor.py:840} INFO - DAG(s) 'rakuten_mlops_pipeline' retrieved from /opt/airflow/dags/rakuten_pipeline.py
[2026-05-20T16:43:47.024+0000] {logging_mixin.py:188} INFO - [2026-05-20T16:43:47.024+0000] {dag.py:3089} INFO - Sync 1 DAGs
[2026-05-20T16:43:47.040+0000] {logging_mixin.py:188} INFO - [2026-05-20T16:43:47.040+0000] {dag.py:3947} INFO - Setting next_dagrun for rakuten_mlops_pipeline to None, run_after=None
[2026-05-20T16:43:47.074+0000] {processor.py:183} INFO - Processing /opt/airflow/dags/rakuten_pipeline.py took 0.106 seconds
[2026-05-20T16:44:17.616+0000] {processor.py:161} INFO - Started process (PID=79) to work on /opt/airflow/dags/rakuten_pipeline.py
[2026-05-20T16:44:17.617+0000] {processor.py:830} INFO - Processing file /opt/airflow/dags/rakuten_pipeline.py for tasks to queue
[2026-05-20T16:44:17.620+0000] {logging_mixin.py:188} INFO - [2026-05-20T16:44:17.619+0000] {dagbag.py:545} INFO - Filling up the DagBag from /opt/airflow/dags/rakuten_pipeline.py
[2026-05-20T16:44:17.633+0000] {processor.py:840} INFO - DAG(s) 'rakuten_mlops_pipeline' retrieved from /opt/airflow/dags/rakuten_pipeline.py
[2026-05-20T16:44:17.663+0000] {logging_mixin.py:188} INFO - [2026-05-20T16:44:17.662+0000] {dag.py:3089} INFO - Sync 1 DAGs
[2026-05-20T16:44:17.678+0000] {logging_mixin.py:188} INFO - [2026-05-20T16:44:17.677+0000] {dag.py:3947} INFO - Setting next_dagrun for rakuten_mlops_pipeline to None, run_after=None
[2026-05-20T16:44:17.708+0000] {processor.py:183} INFO - Processing /opt/airflow/dags/rakuten_pipeline.py took 0.103 seconds
[2026-05-20T16:44:48.288+0000] {processor.py:161} INFO - Started process (PID=80) to work on /opt/airflow/dags/rakuten_pipeline.py
[2026-05-20T16:44:48.289+0000] {processor.py:830} INFO - Processing file /opt/airflow/dags/rakuten_pipeline.py for tasks to queue
[2026-05-20T16:44:48.291+0000] {logging_mixin.py:188} INFO - [2026-05-20T16:44:48.291+0000] {dagbag.py:545} INFO - Filling up the DagBag from /opt/airflow/dags/rakuten_pipeline.py
[2026-05-20T16:44:48.304+0000] {processor.py:840} INFO - DAG(s) 'rakuten_mlops_pipeline' retrieved from /opt/airflow/dags/rakuten_pipeline.py
[2026-05-20T16:44:48.335+0000] {logging_mixin.py:188} INFO - [2026-05-20T16:44:48.335+0000] {dag.py:3089} INFO - Sync 1 DAGs
[2026-05-20T16:44:48.351+0000] {logging_mixin.py:188} INFO - [2026-05-20T16:44:48.351+0000] {dag.py:3947} INFO - Setting next_dagrun for rakuten_mlops_pipeline to None, run_after=None
[2026-05-20T16:44:48.386+0000] {processor.py:183} INFO - Processing /opt/airflow/dags/rakuten_pipeline.py took 0.106 seconds
[2026-05-20T16:45:18.977+0000] {processor.py:161} INFO - Started process (PID=81) to work on /opt/airflow/dags/rakuten_pipeline.py
[2026-05-20T16:45:18.978+0000] {processor.py:830} INFO - Processing file /opt/airflow/dags/rakuten_pipeline.py for tasks to queue
[2026-05-20T16:45:18.981+0000] {logging_mixin.py:188} INFO - [2026-05-20T16:45:18.980+0000] {dagbag.py:545} INFO - Filling up the DagBag from /opt/airflow/dags/rakuten_pipeline.py
[2026-05-20T16:45:18.993+0000] {processor.py:840} INFO - DAG(s) 'rakuten_mlops_pipeline' retrieved from /opt/airflow/dags/rakuten_pipeline.py
[2026-05-20T16:45:19.024+0000] {logging_mixin.py:188} INFO - [2026-05-20T16:45:19.023+0000] {dag.py:3089} INFO - Sync 1 DAGs
[2026-05-20T16:45:19.039+0000] {logging_mixin.py:188} INFO - [2026-05-20T16:45:19.039+0000] {dag.py:3947} INFO - Setting next_dagrun for rakuten_mlops_pipeline to None, run_after=None
[2026-05-20T16:45:19.090+0000] {processor.py:183} INFO - Processing /opt/airflow/dags/rakuten_pipeline.py took 0.123 seconds
[2026-05-20T16:45:49.656+0000] {processor.py:161} INFO - Started process (PID=82) to work on /opt/airflow/dags/rakuten_pipeline.py
[2026-05-20T16:45:49.657+0000] {processor.py:830} INFO - Processing file /opt/airflow/dags/rakuten_pipeline.py for tasks to queue
[2026-05-20T16:45:49.660+0000] {logging_mixin.py:188} INFO - [2026-05-20T16:45:49.660+0000] {dagbag.py:545} INFO - Filling up the DagBag from /opt/airflow/dags/rakuten_pipeline.py
[2026-05-20T16:45:49.673+0000] {processor.py:840} INFO - DAG(s) 'rakuten_mlops_pipeline' retrieved from /opt/airflow/dags/rakuten_pipeline.py
[2026-05-20T16:45:49.704+0000] {logging_mixin.py:188} INFO - [2026-05-20T16:45:49.704+0000] {dag.py:3089} INFO - Sync 1 DAGs
[2026-05-20T16:45:49.721+0000] {logging_mixin.py:188} INFO - [2026-05-20T16:45:49.720+0000] {dag.py:3947} INFO - Setting next_dagrun for rakuten_mlops_pipeline to None, run_after=None
[2026-05-20T16:45:49.772+0000] {processor.py:183} INFO - Processing /opt/airflow/dags/rakuten_pipeline.py took 0.126 seconds
[2026-05-20T16:46:20.322+0000] {processor.py:161} INFO - Started process (PID=83) to work on /opt/airflow/dags/rakuten_pipeline.py
[2026-05-20T16:46:20.323+0000] {processor.py:830} INFO - Processing file /opt/airflow/dags/rakuten_pipeline.py for tasks to queue
[2026-05-20T16:46:20.325+0000] {logging_mixin.py:188} INFO - [2026-05-20T16:46:20.325+0000] {dagbag.py:545} INFO - Filling up the DagBag from /opt/airflow/dags/rakuten_pipeline.py
[2026-05-20T16:46:20.338+0000] {processor.py:840} INFO - DAG(s) 'rakuten_mlops_pipeline' retrieved from /opt/airflow/dags/rakuten_pipeline.py
[2026-05-20T16:46:20.368+0000] {logging_mixin.py:188} INFO - [2026-05-20T16:46:20.368+0000] {dag.py:3089} INFO - Sync 1 DAGs
[2026-05-20T16:46:20.384+0000] {logging_mixin.py:188} INFO - [2026-05-20T16:46:20.384+0000] {dag.py:3947} INFO - Setting next_dagrun for rakuten_mlops_pipeline to None, run_after=None
[2026-05-20T16:46:20.418+0000] {processor.py:183} INFO - Processing /opt/airflow/dags/rakuten_pipeline.py took 0.106 seconds
[2026-05-20T16:46:50.961+0000] {processor.py:161} INFO - Started process (PID=84) to work on /opt/airflow/dags/rakuten_pipeline.py
[2026-05-20T16:46:50.963+0000] {processor.py:830} INFO - Processing file /opt/airflow/dags/rakuten_pipeline.py for tasks to queue
[2026-05-20T16:46:50.965+0000] {logging_mixin.py:188} INFO - [2026-05-20T16:46:50.965+0000] {dagbag.py:545} INFO - Filling up the DagBag from /opt/airflow/dags/rakuten_pipeline.py
[2026-05-20T16:46:50.976+0000] {processor.py:840} INFO - DAG(s) 'rakuten_mlops_pipeline' retrieved from /opt/airflow/dags/rakuten_pipeline.py
[2026-05-20T16:46:51.002+0000] {logging_mixin.py:188} INFO - [2026-05-20T16:46:51.002+0000] {dag.py:3089} INFO - Sync 1 DAGs
[2026-05-20T16:46:51.015+0000] {logging_mixin.py:188} INFO - [2026-05-20T16:46:51.015+0000] {dag.py:3947} INFO - Setting next_dagrun for rakuten_mlops_pipeline to None, run_after=None
[2026-05-20T16:46:51.062+0000] {processor.py:183} INFO - Processing /opt/airflow/dags/rakuten_pipeline.py took 0.109 seconds
[2026-05-20T16:47:21.613+0000] {processor.py:161} INFO - Started process (PID=85) to work on /opt/airflow/dags/rakuten_pipeline.py
[2026-05-20T16:47:21.615+0000] {processor.py:830} INFO - Processing file /opt/airflow/dags/rakuten_pipeline.py for tasks to queue
[2026-05-20T16:47:21.617+0000] {logging_mixin.py:188} INFO - [2026-05-20T16:47:21.617+0000] {dagbag.py:545} INFO - Filling up the DagBag from /opt/airflow/dags/rakuten_pipeline.py
[2026-05-20T16:47:21.631+0000] {processor.py:840} INFO - DAG(s) 'rakuten_mlops_pipeline' retrieved from /opt/airflow/dags/rakuten_pipeline.py
[2026-05-20T16:47:21.660+0000] {logging_mixin.py:188} INFO - [2026-05-20T16:47:21.660+0000] {dag.py:3089} INFO - Sync 1 DAGs
[2026-05-20T16:47:21.675+0000] {logging_mixin.py:188} INFO - [2026-05-20T16:47:21.674+0000] {dag.py:3947} INFO - Setting next_dagrun for rakuten_mlops_pipeline to None, run_after=None
[2026-05-20T16:47:21.707+0000] {processor.py:183} INFO - Processing /opt/airflow/dags/rakuten_pipeline.py took 0.100 seconds
[2026-05-20T16:47:52.236+0000] {processor.py:161} INFO - Started process (PID=86) to work on /opt/airflow/dags/rakuten_pipeline.py
[2026-05-20T16:47:52.237+0000] {processor.py:830} INFO - Processing file /opt/airflow/dags/rakuten_pipeline.py for tasks to queue
[2026-05-20T16:47:52.239+0000] {logging_mixin.py:188} INFO - [2026-05-20T16:47:52.239+0000] {dagbag.py:545} INFO - Filling up the DagBag from /opt/airflow/dags/rakuten_pipeline.py
[2026-05-20T16:47:52.252+0000] {processor.py:840} INFO - DAG(s) 'rakuten_mlops_pipeline' retrieved from /opt/airflow/dags/rakuten_pipeline.py
[2026-05-20T16:47:52.282+0000] {logging_mixin.py:188} INFO - [2026-05-20T16:47:52.282+0000] {dag.py:3089} INFO - Sync 1 DAGs
[2026-05-20T16:47:52.297+0000] {logging_mixin.py:188} INFO - [2026-05-20T16:47:52.297+0000] {dag.py:3947} INFO - Setting next_dagrun for rakuten_mlops_pipeline to None, run_after=None
[2026-05-20T16:47:52.347+0000] {processor.py:183} INFO - Processing /opt/airflow/dags/rakuten_pipeline.py took 0.120 seconds
[2026-05-20T16:48:22.867+0000] {processor.py:161} INFO - Started process (PID=87) to work on /opt/airflow/dags/rakuten_pipeline.py
[2026-05-20T16:48:22.868+0000] {processor.py:830} INFO - Processing file /opt/airflow/dags/rakuten_pipeline.py for tasks to queue
[2026-05-20T16:48:22.870+0000] {logging_mixin.py:188} INFO - [2026-05-20T16:48:22.870+0000] {dagbag.py:545} INFO - Filling up the DagBag from /opt/airflow/dags/rakuten_pipeline.py
[2026-05-20T16:48:22.883+0000] {processor.py:840} INFO - DAG(s) 'rakuten_mlops_pipeline' retrieved from /opt/airflow/dags/rakuten_pipeline.py
[2026-05-20T16:48:22.912+0000] {logging_mixin.py:188} INFO - [2026-05-20T16:48:22.912+0000] {dag.py:3089} INFO - Sync 1 DAGs
[2026-05-20T16:48:22.927+0000] {logging_mixin.py:188} INFO - [2026-05-20T16:48:22.927+0000] {dag.py:3947} INFO - Setting next_dagrun for rakuten_mlops_pipeline to None, run_after=None
[2026-05-20T16:48:22.958+0000] {processor.py:183} INFO - Processing /opt/airflow/dags/rakuten_pipeline.py took 0.100 seconds
[2026-05-20T16:48:53.521+0000] {processor.py:161} INFO - Started process (PID=88) to work on /opt/airflow/dags/rakuten_pipeline.py
[2026-05-20T16:48:53.522+0000] {processor.py:830} INFO - Processing file /opt/airflow/dags/rakuten_pipeline.py for tasks to queue
[2026-05-20T16:48:53.525+0000] {logging_mixin.py:188} INFO - [2026-05-20T16:48:53.525+0000] {dagbag.py:545} INFO - Filling up the DagBag from /opt/airflow/dags/rakuten_pipeline.py
[2026-05-20T16:48:53.538+0000] {processor.py:840} INFO - DAG(s) 'rakuten_mlops_pipeline' retrieved from /opt/airflow/dags/rakuten_pipeline.py
[2026-05-20T16:48:53.569+0000] {logging_mixin.py:188} INFO - [2026-05-20T16:48:53.568+0000] {dag.py:3089} INFO - Sync 1 DAGs
[2026-05-20T16:48:53.584+0000] {logging_mixin.py:188} INFO - [2026-05-20T16:48:53.583+0000] {dag.py:3947} INFO - Setting next_dagrun for rakuten_mlops_pipeline to None, run_after=None
[2026-05-20T16:48:53.617+0000] {processor.py:183} INFO - Processing /opt/airflow/dags/rakuten_pipeline.py took 0.105 seconds
[2026-05-20T16:49:24.236+0000] {processor.py:161} INFO - Started process (PID=89) to work on /opt/airflow/dags/rakuten_pipeline.py
[2026-05-20T16:49:24.237+0000] {processor.py:830} INFO - Processing file /opt/airflow/dags/rakuten_pipeline.py for tasks to queue
[2026-05-20T16:49:24.240+0000] {logging_mixin.py:188} INFO - [2026-05-20T16:49:24.239+0000] {dagbag.py:545} INFO - Filling up the DagBag from /opt/airflow/dags/rakuten_pipeline.py
[2026-05-20T16:49:24.252+0000] {processor.py:840} INFO - DAG(s) 'rakuten_mlops_pipeline' retrieved from /opt/airflow/dags/rakuten_pipeline.py
[2026-05-20T16:49:24.281+0000] {logging_mixin.py:188} INFO - [2026-05-20T16:49:24.281+0000] {dag.py:3089} INFO - Sync 1 DAGs
[2026-05-20T16:49:24.296+0000] {logging_mixin.py:188} INFO - [2026-05-20T16:49:24.296+0000] {dag.py:3947} INFO - Setting next_dagrun for rakuten_mlops_pipeline to None, run_after=None
[2026-05-20T16:49:24.343+0000] {processor.py:183} INFO - Processing /opt/airflow/dags/rakuten_pipeline.py took 0.116 seconds
[2026-05-20T16:49:55.128+0000] {processor.py:161} INFO - Started process (PID=90) to work on /opt/airflow/dags/rakuten_pipeline.py
[2026-05-20T16:49:55.129+0000] {processor.py:830} INFO - Processing file /opt/airflow/dags/rakuten_pipeline.py for tasks to queue
[2026-05-20T16:49:55.132+0000] {logging_mixin.py:188} INFO - [2026-05-20T16:49:55.132+0000] {dagbag.py:545} INFO - Filling up the DagBag from /opt/airflow/dags/rakuten_pipeline.py
[2026-05-20T16:49:55.145+0000] {processor.py:840} INFO - DAG(s) 'rakuten_mlops_pipeline' retrieved from /opt/airflow/dags/rakuten_pipeline.py
[2026-05-20T16:49:55.175+0000] {logging_mixin.py:188} INFO - [2026-05-20T16:49:55.175+0000] {dag.py:3089} INFO - Sync 1 DAGs
[2026-05-20T16:49:55.190+0000] {logging_mixin.py:188} INFO - [2026-05-20T16:49:55.190+0000] {dag.py:3947} INFO - Setting next_dagrun for rakuten_mlops_pipeline to None, run_after=None
[2026-05-20T16:49:55.234+0000] {processor.py:183} INFO - Processing /opt/airflow/dags/rakuten_pipeline.py took 0.116 seconds
[2026-05-20T16:50:26.125+0000] {processor.py:161} INFO - Started process (PID=91) to work on /opt/airflow/dags/rakuten_pipeline.py
[2026-05-20T16:50:26.127+0000] {processor.py:830} INFO - Processing file /opt/airflow/dags/rakuten_pipeline.py for tasks to queue
[2026-05-20T16:50:26.129+0000] {logging_mixin.py:188} INFO - [2026-05-20T16:50:26.129+0000] {dagbag.py:545} INFO - Filling up the DagBag from /opt/airflow/dags/rakuten_pipeline.py
[2026-05-20T16:50:26.142+0000] {processor.py:840} INFO - DAG(s) 'rakuten_mlops_pipeline' retrieved from /opt/airflow/dags/rakuten_pipeline.py
[2026-05-20T16:50:26.172+0000] {logging_mixin.py:188} INFO - [2026-05-20T16:50:26.172+0000] {dag.py:3089} INFO - Sync 1 DAGs
[2026-05-20T16:50:26.189+0000] {logging_mixin.py:188} INFO - [2026-05-20T16:50:26.189+0000] {dag.py:3947} INFO - Setting next_dagrun for rakuten_mlops_pipeline to None, run_after=None
[2026-05-20T16:50:26.293+0000] {processor.py:183} INFO - Processing /opt/airflow/dags/rakuten_pipeline.py took 0.175 seconds
[2026-05-20T16:50:56.734+0000] {processor.py:161} INFO - Started process (PID=92) to work on /opt/airflow/dags/rakuten_pipeline.py
[2026-05-20T16:50:56.735+0000] {processor.py:830} INFO - Processing file /opt/airflow/dags/rakuten_pipeline.py for tasks to queue
[2026-05-20T16:50:56.738+0000] {logging_mixin.py:188} INFO - [2026-05-20T16:50:56.737+0000] {dagbag.py:545} INFO - Filling up the DagBag from /opt/airflow/dags/rakuten_pipeline.py
[2026-05-20T16:50:56.751+0000] {processor.py:840} INFO - DAG(s) 'rakuten_mlops_pipeline' retrieved from /opt/airflow/dags/rakuten_pipeline.py
[2026-05-20T16:50:56.782+0000] {logging_mixin.py:188} INFO - [2026-05-20T16:50:56.782+0000] {dag.py:3089} INFO - Sync 1 DAGs
[2026-05-20T16:50:56.797+0000] {logging_mixin.py:188} INFO - [2026-05-20T16:50:56.797+0000] {dag.py:3947} INFO - Setting next_dagrun for rakuten_mlops_pipeline to None, run_after=None
[2026-05-20T16:50:56.829+0000] {processor.py:183} INFO - Processing /opt/airflow/dags/rakuten_pipeline.py took 0.106 seconds
[2026-05-20T16:51:27.122+0000] {processor.py:161} INFO - Started process (PID=93) to work on /opt/airflow/dags/rakuten_pipeline.py
[2026-05-20T16:51:27.123+0000] {processor.py:830} INFO - Processing file /opt/airflow/dags/rakuten_pipeline.py for tasks to queue
[2026-05-20T16:51:27.126+0000] {logging_mixin.py:188} INFO - [2026-05-20T16:51:27.125+0000] {dagbag.py:545} INFO - Filling up the DagBag from /opt/airflow/dags/rakuten_pipeline.py
[2026-05-20T16:51:27.136+0000] {processor.py:840} INFO - DAG(s) 'rakuten_mlops_pipeline' retrieved from /opt/airflow/dags/rakuten_pipeline.py
[2026-05-20T16:51:27.161+0000] {logging_mixin.py:188} INFO - [2026-05-20T16:51:27.161+0000] {dag.py:3089} INFO - Sync 1 DAGs
[2026-05-20T16:51:27.175+0000] {logging_mixin.py:188} INFO - [2026-05-20T16:51:27.174+0000] {dag.py:3947} INFO - Setting next_dagrun for rakuten_mlops_pipeline to None, run_after=None
[2026-05-20T16:51:27.203+0000] {processor.py:183} INFO - Processing /opt/airflow/dags/rakuten_pipeline.py took 0.089 seconds
[2026-05-20T16:51:57.398+0000] {processor.py:161} INFO - Started process (PID=94) to work on /opt/airflow/dags/rakuten_pipeline.py
[2026-05-20T16:51:57.399+0000] {processor.py:830} INFO - Processing file /opt/airflow/dags/rakuten_pipeline.py for tasks to queue
[2026-05-20T16:51:57.402+0000] {logging_mixin.py:188} INFO - [2026-05-20T16:51:57.401+0000] {dagbag.py:545} INFO - Filling up the DagBag from /opt/airflow/dags/rakuten_pipeline.py
[2026-05-20T16:51:57.415+0000] {processor.py:840} INFO - DAG(s) 'rakuten_mlops_pipeline' retrieved from /opt/airflow/dags/rakuten_pipeline.py
[2026-05-20T16:51:57.445+0000] {logging_mixin.py:188} INFO - [2026-05-20T16:51:57.445+0000] {dag.py:3089} INFO - Sync 1 DAGs
[2026-05-20T16:51:57.461+0000] {logging_mixin.py:188} INFO - [2026-05-20T16:51:57.460+0000] {dag.py:3947} INFO - Setting next_dagrun for rakuten_mlops_pipeline to None, run_after=None
[2026-05-20T16:51:57.493+0000] {processor.py:183} INFO - Processing /opt/airflow/dags/rakuten_pipeline.py took 0.105 seconds
[2026-05-20T16:52:27.767+0000] {processor.py:161} INFO - Started process (PID=95) to work on /opt/airflow/dags/rakuten_pipeline.py
[2026-05-20T16:52:27.768+0000] {processor.py:830} INFO - Processing file /opt/airflow/dags/rakuten_pipeline.py for tasks to queue
[2026-05-20T16:52:27.771+0000] {logging_mixin.py:188} INFO - [2026-05-20T16:52:27.770+0000] {dagbag.py:545} INFO - Filling up the DagBag from /opt/airflow/dags/rakuten_pipeline.py
[2026-05-20T16:52:27.783+0000] {processor.py:840} INFO - DAG(s) 'rakuten_mlops_pipeline' retrieved from /opt/airflow/dags/rakuten_pipeline.py
[2026-05-20T16:52:27.814+0000] {logging_mixin.py:188} INFO - [2026-05-20T16:52:27.814+0000] {dag.py:3089} INFO - Sync 1 DAGs
[2026-05-20T16:52:27.830+0000] {logging_mixin.py:188} INFO - [2026-05-20T16:52:27.829+0000] {dag.py:3947} INFO - Setting next_dagrun for rakuten_mlops_pipeline to None, run_after=None
[2026-05-20T16:52:27.861+0000] {processor.py:183} INFO - Processing /opt/airflow/dags/rakuten_pipeline.py took 0.104 seconds
[2026-05-20T16:52:58.144+0000] {processor.py:161} INFO - Started process (PID=96) to work on /opt/airflow/dags/rakuten_pipeline.py
[2026-05-20T16:52:58.145+0000] {processor.py:830} INFO - Processing file /opt/airflow/dags/rakuten_pipeline.py for tasks to queue
[2026-05-20T16:52:58.148+0000] {logging_mixin.py:188} INFO - [2026-05-20T16:52:58.148+0000] {dagbag.py:545} INFO - Filling up the DagBag from /opt/airflow/dags/rakuten_pipeline.py
[2026-05-20T16:52:58.158+0000] {processor.py:840} INFO - DAG(s) 'rakuten_mlops_pipeline' retrieved from /opt/airflow/dags/rakuten_pipeline.py
[2026-05-20T16:52:58.183+0000] {logging_mixin.py:188} INFO - [2026-05-20T16:52:58.183+0000] {dag.py:3089} INFO - Sync 1 DAGs
[2026-05-20T16:52:58.197+0000] {logging_mixin.py:188} INFO - [2026-05-20T16:52:58.197+0000] {dag.py:3947} INFO - Setting next_dagrun for rakuten_mlops_pipeline to None, run_after=None
[2026-05-20T16:52:58.225+0000] {processor.py:183} INFO - Processing /opt/airflow/dags/rakuten_pipeline.py took 0.091 seconds
[2026-05-20T16:53:28.424+0000] {processor.py:161} INFO - Started process (PID=97) to work on /opt/airflow/dags/rakuten_pipeline.py
[2026-05-20T16:53:28.426+0000] {processor.py:830} INFO - Processing file /opt/airflow/dags/rakuten_pipeline.py for tasks to queue
[2026-05-20T16:53:28.428+0000] {logging_mixin.py:188} INFO - [2026-05-20T16:53:28.428+0000] {dagbag.py:545} INFO - Filling up the DagBag from /opt/airflow/dags/rakuten_pipeline.py
[2026-05-20T16:53:28.441+0000] {processor.py:840} INFO - DAG(s) 'rakuten_mlops_pipeline' retrieved from /opt/airflow/dags/rakuten_pipeline.py
[2026-05-20T16:53:28.471+0000] {logging_mixin.py:188} INFO - [2026-05-20T16:53:28.470+0000] {dag.py:3089} INFO - Sync 1 DAGs
[2026-05-20T16:53:28.486+0000] {logging_mixin.py:188} INFO - [2026-05-20T16:53:28.485+0000] {dag.py:3947} INFO - Setting next_dagrun for rakuten_mlops_pipeline to None, run_after=None
[2026-05-20T16:53:28.520+0000] {processor.py:183} INFO - Processing /opt/airflow/dags/rakuten_pipeline.py took 0.106 seconds
[2026-05-20T16:53:58.801+0000] {processor.py:161} INFO - Started process (PID=98) to work on /opt/airflow/dags/rakuten_pipeline.py
[2026-05-20T16:53:58.802+0000] {processor.py:830} INFO - Processing file /opt/airflow/dags/rakuten_pipeline.py for tasks to queue
[2026-05-20T16:53:58.805+0000] {logging_mixin.py:188} INFO - [2026-05-20T16:53:58.804+0000] {dagbag.py:545} INFO - Filling up the DagBag from /opt/airflow/dags/rakuten_pipeline.py
[2026-05-20T16:53:58.815+0000] {processor.py:840} INFO - DAG(s) 'rakuten_mlops_pipeline' retrieved from /opt/airflow/dags/rakuten_pipeline.py
[2026-05-20T16:53:58.841+0000] {logging_mixin.py:188} INFO - [2026-05-20T16:53:58.841+0000] {dag.py:3089} INFO - Sync 1 DAGs
[2026-05-20T16:53:58.856+0000] {logging_mixin.py:188} INFO - [2026-05-20T16:53:58.856+0000] {dag.py:3947} INFO - Setting next_dagrun for rakuten_mlops_pipeline to None, run_after=None
[2026-05-20T16:53:58.902+0000] {processor.py:183} INFO - Processing /opt/airflow/dags/rakuten_pipeline.py took 0.110 seconds
[2026-05-20T16:54:29.039+0000] {processor.py:161} INFO - Started process (PID=99) to work on /opt/airflow/dags/rakuten_pipeline.py
[2026-05-20T16:54:29.041+0000] {processor.py:830} INFO - Processing file /opt/airflow/dags/rakuten_pipeline.py for tasks to queue
[2026-05-20T16:54:29.043+0000] {logging_mixin.py:188} INFO - [2026-05-20T16:54:29.042+0000] {dagbag.py:545} INFO - Filling up the DagBag from /opt/airflow/dags/rakuten_pipeline.py
[2026-05-20T16:54:29.056+0000] {processor.py:840} INFO - DAG(s) 'rakuten_mlops_pipeline' retrieved from /opt/airflow/dags/rakuten_pipeline.py
[2026-05-20T16:54:29.085+0000] {logging_mixin.py:188} INFO - [2026-05-20T16:54:29.084+0000] {dag.py:3089} INFO - Sync 1 DAGs
[2026-05-20T16:54:29.099+0000] {logging_mixin.py:188} INFO - [2026-05-20T16:54:29.099+0000] {dag.py:3947} INFO - Setting next_dagrun for rakuten_mlops_pipeline to None, run_after=None
[2026-05-20T16:54:29.149+0000] {processor.py:183} INFO - Processing /opt/airflow/dags/rakuten_pipeline.py took 0.121 seconds
[2026-05-20T16:54:59.419+0000] {processor.py:161} INFO - Started process (PID=100) to work on /opt/airflow/dags/rakuten_pipeline.py
[2026-05-20T16:54:59.421+0000] {processor.py:830} INFO - Processing file /opt/airflow/dags/rakuten_pipeline.py for tasks to queue
[2026-05-20T16:54:59.423+0000] {logging_mixin.py:188} INFO - [2026-05-20T16:54:59.422+0000] {dagbag.py:545} INFO - Filling up the DagBag from /opt/airflow/dags/rakuten_pipeline.py
[2026-05-20T16:54:59.436+0000] {processor.py:840} INFO - DAG(s) 'rakuten_mlops_pipeline' retrieved from /opt/airflow/dags/rakuten_pipeline.py
[2026-05-20T16:54:59.466+0000] {logging_mixin.py:188} INFO - [2026-05-20T16:54:59.465+0000] {dag.py:3089} INFO - Sync 1 DAGs
[2026-05-20T16:54:59.482+0000] {logging_mixin.py:188} INFO - [2026-05-20T16:54:59.481+0000] {dag.py:3947} INFO - Setting next_dagrun for rakuten_mlops_pipeline to None, run_after=None
[2026-05-20T16:54:59.531+0000] {processor.py:183} INFO - Processing /opt/airflow/dags/rakuten_pipeline.py took 0.122 seconds
[2026-05-20T16:55:29.795+0000] {processor.py:161} INFO - Started process (PID=101) to work on /opt/airflow/dags/rakuten_pipeline.py
[2026-05-20T16:55:29.797+0000] {processor.py:830} INFO - Processing file /opt/airflow/dags/rakuten_pipeline.py for tasks to queue
[2026-05-20T16:55:29.799+0000] {logging_mixin.py:188} INFO - [2026-05-20T16:55:29.799+0000] {dagbag.py:545} INFO - Filling up the DagBag from /opt/airflow/dags/rakuten_pipeline.py
[2026-05-20T16:55:29.812+0000] {processor.py:840} INFO - DAG(s) 'rakuten_mlops_pipeline' retrieved from /opt/airflow/dags/rakuten_pipeline.py
[2026-05-20T16:55:29.842+0000] {logging_mixin.py:188} INFO - [2026-05-20T16:55:29.841+0000] {dag.py:3089} INFO - Sync 1 DAGs
[2026-05-20T16:55:29.857+0000] {logging_mixin.py:188} INFO - [2026-05-20T16:55:29.856+0000] {dag.py:3947} INFO - Setting next_dagrun for rakuten_mlops_pipeline to None, run_after=None
[2026-05-20T16:55:29.907+0000] {processor.py:183} INFO - Processing /opt/airflow/dags/rakuten_pipeline.py took 0.120 seconds
[2026-05-20T16:56:00.184+0000] {processor.py:161} INFO - Started process (PID=102) to work on /opt/airflow/dags/rakuten_pipeline.py
[2026-05-20T16:56:00.186+0000] {processor.py:830} INFO - Processing file /opt/airflow/dags/rakuten_pipeline.py for tasks to queue
[2026-05-20T16:56:00.188+0000] {logging_mixin.py:188} INFO - [2026-05-20T16:56:00.188+0000] {dagbag.py:545} INFO - Filling up the DagBag from /opt/airflow/dags/rakuten_pipeline.py
[2026-05-20T16:56:00.200+0000] {processor.py:840} INFO - DAG(s) 'rakuten_mlops_pipeline' retrieved from /opt/airflow/dags/rakuten_pipeline.py
[2026-05-20T16:56:00.231+0000] {logging_mixin.py:188} INFO - [2026-05-20T16:56:00.231+0000] {dag.py:3089} INFO - Sync 1 DAGs
[2026-05-20T16:56:00.246+0000] {logging_mixin.py:188} INFO - [2026-05-20T16:56:00.246+0000] {dag.py:3947} INFO - Setting next_dagrun for rakuten_mlops_pipeline to None, run_after=None
[2026-05-20T16:56:00.297+0000] {processor.py:183} INFO - Processing /opt/airflow/dags/rakuten_pipeline.py took 0.122 seconds
[2026-05-20T16:56:30.563+0000] {processor.py:161} INFO - Started process (PID=103) to work on /opt/airflow/dags/rakuten_pipeline.py
[2026-05-20T16:56:30.565+0000] {processor.py:830} INFO - Processing file /opt/airflow/dags/rakuten_pipeline.py for tasks to queue
[2026-05-20T16:56:30.567+0000] {logging_mixin.py:188} INFO - [2026-05-20T16:56:30.567+0000] {dagbag.py:545} INFO - Filling up the DagBag from /opt/airflow/dags/rakuten_pipeline.py
[2026-05-20T16:56:30.580+0000] {processor.py:840} INFO - DAG(s) 'rakuten_mlops_pipeline' retrieved from /opt/airflow/dags/rakuten_pipeline.py
[2026-05-20T16:56:30.610+0000] {logging_mixin.py:188} INFO - [2026-05-20T16:56:30.609+0000] {dag.py:3089} INFO - Sync 1 DAGs
[2026-05-20T16:56:30.625+0000] {logging_mixin.py:188} INFO - [2026-05-20T16:56:30.625+0000] {dag.py:3947} INFO - Setting next_dagrun for rakuten_mlops_pipeline to None, run_after=None
[2026-05-20T16:56:30.657+0000] {processor.py:183} INFO - Processing /opt/airflow/dags/rakuten_pipeline.py took 0.103 seconds
[2026-05-20T16:57:00.951+0000] {processor.py:161} INFO - Started process (PID=104) to work on /opt/airflow/dags/rakuten_pipeline.py
[2026-05-20T16:57:00.952+0000] {processor.py:830} INFO - Processing file /opt/airflow/dags/rakuten_pipeline.py for tasks to queue
[2026-05-20T16:57:00.954+0000] {logging_mixin.py:188} INFO - [2026-05-20T16:57:00.954+0000] {dagbag.py:545} INFO - Filling up the DagBag from /opt/airflow/dags/rakuten_pipeline.py
[2026-05-20T16:57:00.967+0000] {processor.py:840} INFO - DAG(s) 'rakuten_mlops_pipeline' retrieved from /opt/airflow/dags/rakuten_pipeline.py
[2026-05-20T16:57:00.998+0000] {logging_mixin.py:188} INFO - [2026-05-20T16:57:00.998+0000] {dag.py:3089} INFO - Sync 1 DAGs
[2026-05-20T16:57:01.013+0000] {logging_mixin.py:188} INFO - [2026-05-20T16:57:01.013+0000] {dag.py:3947} INFO - Setting next_dagrun for rakuten_mlops_pipeline to None, run_after=None
[2026-05-20T16:57:01.065+0000] {processor.py:183} INFO - Processing /opt/airflow/dags/rakuten_pipeline.py took 0.124 seconds
[2026-05-20T16:57:31.333+0000] {processor.py:161} INFO - Started process (PID=105) to work on /opt/airflow/dags/rakuten_pipeline.py
[2026-05-20T16:57:31.334+0000] {processor.py:830} INFO - Processing file /opt/airflow/dags/rakuten_pipeline.py for tasks to queue
[2026-05-20T16:57:31.337+0000] {logging_mixin.py:188} INFO - [2026-05-20T16:57:31.337+0000] {dagbag.py:545} INFO - Filling up the DagBag from /opt/airflow/dags/rakuten_pipeline.py
[2026-05-20T16:57:31.350+0000] {processor.py:840} INFO - DAG(s) 'rakuten_mlops_pipeline' retrieved from /opt/airflow/dags/rakuten_pipeline.py
[2026-05-20T16:57:31.381+0000] {logging_mixin.py:188} INFO - [2026-05-20T16:57:31.381+0000] {dag.py:3089} INFO - Sync 1 DAGs
[2026-05-20T16:57:31.396+0000] {logging_mixin.py:188} INFO - [2026-05-20T16:57:31.396+0000] {dag.py:3947} INFO - Setting next_dagrun for rakuten_mlops_pipeline to None, run_after=None
[2026-05-20T16:57:31.430+0000] {processor.py:183} INFO - Processing /opt/airflow/dags/rakuten_pipeline.py took 0.106 seconds
[2026-05-20T16:58:01.713+0000] {processor.py:161} INFO - Started process (PID=106) to work on /opt/airflow/dags/rakuten_pipeline.py
[2026-05-20T16:58:01.714+0000] {processor.py:830} INFO - Processing file /opt/airflow/dags/rakuten_pipeline.py for tasks to queue
[2026-05-20T16:58:01.717+0000] {logging_mixin.py:188} INFO - [2026-05-20T16:58:01.716+0000] {dagbag.py:545} INFO - Filling up the DagBag from /opt/airflow/dags/rakuten_pipeline.py
[2026-05-20T16:58:01.729+0000] {processor.py:840} INFO - DAG(s) 'rakuten_mlops_pipeline' retrieved from /opt/airflow/dags/rakuten_pipeline.py
[2026-05-20T16:58:01.759+0000] {logging_mixin.py:188} INFO - [2026-05-20T16:58:01.759+0000] {dag.py:3089} INFO - Sync 1 DAGs
[2026-05-20T16:58:01.774+0000] {logging_mixin.py:188} INFO - [2026-05-20T16:58:01.774+0000] {dag.py:3947} INFO - Setting next_dagrun for rakuten_mlops_pipeline to None, run_after=None
[2026-05-20T16:58:01.808+0000] {processor.py:183} INFO - Processing /opt/airflow/dags/rakuten_pipeline.py took 0.101 seconds
[2026-05-20T16:58:32.044+0000] {processor.py:161} INFO - Started process (PID=107) to work on /opt/airflow/dags/rakuten_pipeline.py
[2026-05-20T16:58:32.045+0000] {processor.py:830} INFO - Processing file /opt/airflow/dags/rakuten_pipeline.py for tasks to queue
[2026-05-20T16:58:32.047+0000] {logging_mixin.py:188} INFO - [2026-05-20T16:58:32.047+0000] {dagbag.py:545} INFO - Filling up the DagBag from /opt/airflow/dags/rakuten_pipeline.py
[2026-05-20T16:58:32.058+0000] {processor.py:840} INFO - DAG(s) 'rakuten_mlops_pipeline' retrieved from /opt/airflow/dags/rakuten_pipeline.py
[2026-05-20T16:58:32.083+0000] {logging_mixin.py:188} INFO - [2026-05-20T16:58:32.083+0000] {dag.py:3089} INFO - Sync 1 DAGs
[2026-05-20T16:58:32.096+0000] {logging_mixin.py:188} INFO - [2026-05-20T16:58:32.096+0000] {dag.py:3947} INFO - Setting next_dagrun for rakuten_mlops_pipeline to None, run_after=None
[2026-05-20T16:58:32.124+0000] {processor.py:183} INFO - Processing /opt/airflow/dags/rakuten_pipeline.py took 0.089 seconds
[2026-05-20T16:59:02.227+0000] {processor.py:161} INFO - Started process (PID=108) to work on /opt/airflow/dags/rakuten_pipeline.py
[2026-05-20T16:59:02.229+0000] {processor.py:830} INFO - Processing file /opt/airflow/dags/rakuten_pipeline.py for tasks to queue
[2026-05-20T16:59:02.231+0000] {logging_mixin.py:188} INFO - [2026-05-20T16:59:02.231+0000] {dagbag.py:545} INFO - Filling up the DagBag from /opt/airflow/dags/rakuten_pipeline.py
[2026-05-20T16:59:02.245+0000] {processor.py:840} INFO - DAG(s) 'rakuten_mlops_pipeline' retrieved from /opt/airflow/dags/rakuten_pipeline.py
[2026-05-20T16:59:02.274+0000] {logging_mixin.py:188} INFO - [2026-05-20T16:59:02.274+0000] {dag.py:3089} INFO - Sync 1 DAGs
[2026-05-20T16:59:02.289+0000] {logging_mixin.py:188} INFO - [2026-05-20T16:59:02.289+0000] {dag.py:3947} INFO - Setting next_dagrun for rakuten_mlops_pipeline to None, run_after=None
[2026-05-20T16:59:02.325+0000] {processor.py:183} INFO - Processing /opt/airflow/dags/rakuten_pipeline.py took 0.108 seconds
[2026-05-20T16:59:32.545+0000] {processor.py:161} INFO - Started process (PID=109) to work on /opt/airflow/dags/rakuten_pipeline.py
[2026-05-20T16:59:32.546+0000] {processor.py:830} INFO - Processing file /opt/airflow/dags/rakuten_pipeline.py for tasks to queue
[2026-05-20T16:59:32.549+0000] {logging_mixin.py:188} INFO - [2026-05-20T16:59:32.548+0000] {dagbag.py:545} INFO - Filling up the DagBag from /opt/airflow/dags/rakuten_pipeline.py
[2026-05-20T16:59:32.561+0000] {processor.py:840} INFO - DAG(s) 'rakuten_mlops_pipeline' retrieved from /opt/airflow/dags/rakuten_pipeline.py
[2026-05-20T16:59:32.588+0000] {logging_mixin.py:188} INFO - [2026-05-20T16:59:32.588+0000] {dag.py:3089} INFO - Sync 1 DAGs
[2026-05-20T16:59:32.602+0000] {logging_mixin.py:188} INFO - [2026-05-20T16:59:32.602+0000] {dag.py:3947} INFO - Setting next_dagrun for rakuten_mlops_pipeline to None, run_after=None
[2026-05-20T16:59:32.631+0000] {processor.py:183} INFO - Processing /opt/airflow/dags/rakuten_pipeline.py took 0.095 seconds
[2026-05-20T17:00:02.862+0000] {processor.py:161} INFO - Started process (PID=110) to work on /opt/airflow/dags/rakuten_pipeline.py
[2026-05-20T17:00:02.863+0000] {processor.py:830} INFO - Processing file /opt/airflow/dags/rakuten_pipeline.py for tasks to queue
[2026-05-20T17:00:02.866+0000] {logging_mixin.py:188} INFO - [2026-05-20T17:00:02.865+0000] {dagbag.py:545} INFO - Filling up the DagBag from /opt/airflow/dags/rakuten_pipeline.py
[2026-05-20T17:00:02.879+0000] {processor.py:840} INFO - DAG(s) 'rakuten_mlops_pipeline' retrieved from /opt/airflow/dags/rakuten_pipeline.py
[2026-05-20T17:00:02.909+0000] {logging_mixin.py:188} INFO - [2026-05-20T17:00:02.909+0000] {dag.py:3089} INFO - Sync 1 DAGs
[2026-05-20T17:00:02.924+0000] {logging_mixin.py:188} INFO - [2026-05-20T17:00:02.924+0000] {dag.py:3947} INFO - Setting next_dagrun for rakuten_mlops_pipeline to None, run_after=None
[2026-05-20T17:00:02.974+0000] {processor.py:183} INFO - Processing /opt/airflow/dags/rakuten_pipeline.py took 0.122 seconds
[2026-05-20T17:00:33.190+0000] {processor.py:161} INFO - Started process (PID=111) to work on /opt/airflow/dags/rakuten_pipeline.py
[2026-05-20T17:00:33.191+0000] {processor.py:830} INFO - Processing file /opt/airflow/dags/rakuten_pipeline.py for tasks to queue
[2026-05-20T17:00:33.193+0000] {logging_mixin.py:188} INFO - [2026-05-20T17:00:33.193+0000] {dagbag.py:545} INFO - Filling up the DagBag from /opt/airflow/dags/rakuten_pipeline.py
[2026-05-20T17:00:33.207+0000] {processor.py:840} INFO - DAG(s) 'rakuten_mlops_pipeline' retrieved from /opt/airflow/dags/rakuten_pipeline.py
[2026-05-20T17:00:33.238+0000] {logging_mixin.py:188} INFO - [2026-05-20T17:00:33.238+0000] {dag.py:3089} INFO - Sync 1 DAGs
[2026-05-20T17:00:33.254+0000] {logging_mixin.py:188} INFO - [2026-05-20T17:00:33.253+0000] {dag.py:3947} INFO - Setting next_dagrun for rakuten_mlops_pipeline to None, run_after=None
[2026-05-20T17:00:33.301+0000] {processor.py:183} INFO - Processing /opt/airflow/dags/rakuten_pipeline.py took 0.120 seconds
[2026-05-20T17:01:03.510+0000] {processor.py:161} INFO - Started process (PID=112) to work on /opt/airflow/dags/rakuten_pipeline.py
[2026-05-20T17:01:03.511+0000] {processor.py:830} INFO - Processing file /opt/airflow/dags/rakuten_pipeline.py for tasks to queue
[2026-05-20T17:01:03.513+0000] {logging_mixin.py:188} INFO - [2026-05-20T17:01:03.513+0000] {dagbag.py:545} INFO - Filling up the DagBag from /opt/airflow/dags/rakuten_pipeline.py
[2026-05-20T17:01:03.524+0000] {processor.py:840} INFO - DAG(s) 'rakuten_mlops_pipeline' retrieved from /opt/airflow/dags/rakuten_pipeline.py
[2026-05-20T17:01:03.549+0000] {logging_mixin.py:188} INFO - [2026-05-20T17:01:03.548+0000] {dag.py:3089} INFO - Sync 1 DAGs
[2026-05-20T17:01:03.562+0000] {logging_mixin.py:188} INFO - [2026-05-20T17:01:03.561+0000] {dag.py:3947} INFO - Setting next_dagrun for rakuten_mlops_pipeline to None, run_after=None
[2026-05-20T17:01:03.589+0000] {processor.py:183} INFO - Processing /opt/airflow/dags/rakuten_pipeline.py took 0.087 seconds
[2026-05-20T17:01:33.730+0000] {processor.py:161} INFO - Started process (PID=113) to work on /opt/airflow/dags/rakuten_pipeline.py
[2026-05-20T17:01:33.731+0000] {processor.py:830} INFO - Processing file /opt/airflow/dags/rakuten_pipeline.py for tasks to queue
[2026-05-20T17:01:33.734+0000] {logging_mixin.py:188} INFO - [2026-05-20T17:01:33.733+0000] {dagbag.py:545} INFO - Filling up the DagBag from /opt/airflow/dags/rakuten_pipeline.py
[2026-05-20T17:01:33.745+0000] {processor.py:840} INFO - DAG(s) 'rakuten_mlops_pipeline' retrieved from /opt/airflow/dags/rakuten_pipeline.py
[2026-05-20T17:01:33.775+0000] {logging_mixin.py:188} INFO - [2026-05-20T17:01:33.775+0000] {dag.py:3089} INFO - Sync 1 DAGs
[2026-05-20T17:01:33.790+0000] {logging_mixin.py:188} INFO - [2026-05-20T17:01:33.789+0000] {dag.py:3947} INFO - Setting next_dagrun for rakuten_mlops_pipeline to None, run_after=None
[2026-05-20T17:01:33.821+0000] {processor.py:183} INFO - Processing /opt/airflow/dags/rakuten_pipeline.py took 0.100 seconds
[2026-05-20T17:02:04.055+0000] {processor.py:161} INFO - Started process (PID=114) to work on /opt/airflow/dags/rakuten_pipeline.py
[2026-05-20T17:02:04.056+0000] {processor.py:830} INFO - Processing file /opt/airflow/dags/rakuten_pipeline.py for tasks to queue
[2026-05-20T17:02:04.059+0000] {logging_mixin.py:188} INFO - [2026-05-20T17:02:04.058+0000] {dagbag.py:545} INFO - Filling up the DagBag from /opt/airflow/dags/rakuten_pipeline.py
[2026-05-20T17:02:04.071+0000] {processor.py:840} INFO - DAG(s) 'rakuten_mlops_pipeline' retrieved from /opt/airflow/dags/rakuten_pipeline.py
[2026-05-20T17:02:04.101+0000] {logging_mixin.py:188} INFO - [2026-05-20T17:02:04.101+0000] {dag.py:3089} INFO - Sync 1 DAGs
[2026-05-20T17:02:04.116+0000] {logging_mixin.py:188} INFO - [2026-05-20T17:02:04.116+0000] {dag.py:3947} INFO - Setting next_dagrun for rakuten_mlops_pipeline to None, run_after=None
[2026-05-20T17:02:04.149+0000] {processor.py:183} INFO - Processing /opt/airflow/dags/rakuten_pipeline.py took 0.104 seconds
[2026-05-20T17:02:34.371+0000] {processor.py:161} INFO - Started process (PID=115) to work on /opt/airflow/dags/rakuten_pipeline.py
[2026-05-20T17:02:34.373+0000] {processor.py:830} INFO - Processing file /opt/airflow/dags/rakuten_pipeline.py for tasks to queue
[2026-05-20T17:02:34.375+0000] {logging_mixin.py:188} INFO - [2026-05-20T17:02:34.374+0000] {dagbag.py:545} INFO - Filling up the DagBag from /opt/airflow/dags/rakuten_pipeline.py
[2026-05-20T17:02:34.387+0000] {processor.py:840} INFO - DAG(s) 'rakuten_mlops_pipeline' retrieved from /opt/airflow/dags/rakuten_pipeline.py
[2026-05-20T17:02:34.416+0000] {logging_mixin.py:188} INFO - [2026-05-20T17:02:34.415+0000] {dag.py:3089} INFO - Sync 1 DAGs
[2026-05-20T17:02:34.430+0000] {logging_mixin.py:188} INFO - [2026-05-20T17:02:34.430+0000] {dag.py:3947} INFO - Setting next_dagrun for rakuten_mlops_pipeline to None, run_after=None
[2026-05-20T17:02:34.477+0000] {processor.py:183} INFO - Processing /opt/airflow/dags/rakuten_pipeline.py took 0.116 seconds
[2026-05-20T17:03:04.691+0000] {processor.py:161} INFO - Started process (PID=116) to work on /opt/airflow/dags/rakuten_pipeline.py
[2026-05-20T17:03:04.692+0000] {processor.py:830} INFO - Processing file /opt/airflow/dags/rakuten_pipeline.py for tasks to queue
[2026-05-20T17:03:04.694+0000] {logging_mixin.py:188} INFO - [2026-05-20T17:03:04.693+0000] {dagbag.py:545} INFO - Filling up the DagBag from /opt/airflow/dags/rakuten_pipeline.py
[2026-05-20T17:03:04.704+0000] {processor.py:840} INFO - DAG(s) 'rakuten_mlops_pipeline' retrieved from /opt/airflow/dags/rakuten_pipeline.py
[2026-05-20T17:03:04.730+0000] {logging_mixin.py:188} INFO - [2026-05-20T17:03:04.729+0000] {dag.py:3089} INFO - Sync 1 DAGs
[2026-05-20T17:03:04.743+0000] {logging_mixin.py:188} INFO - [2026-05-20T17:03:04.742+0000] {dag.py:3947} INFO - Setting next_dagrun for rakuten_mlops_pipeline to None, run_after=None
[2026-05-20T17:03:04.771+0000] {processor.py:183} INFO - Processing /opt/airflow/dags/rakuten_pipeline.py took 0.085 seconds
[2026-05-20T17:03:34.913+0000] {processor.py:161} INFO - Started process (PID=117) to work on /opt/airflow/dags/rakuten_pipeline.py
[2026-05-20T17:03:34.914+0000] {processor.py:830} INFO - Processing file /opt/airflow/dags/rakuten_pipeline.py for tasks to queue
[2026-05-20T17:03:34.917+0000] {logging_mixin.py:188} INFO - [2026-05-20T17:03:34.917+0000] {dagbag.py:545} INFO - Filling up the DagBag from /opt/airflow/dags/rakuten_pipeline.py
[2026-05-20T17:03:34.929+0000] {processor.py:840} INFO - DAG(s) 'rakuten_mlops_pipeline' retrieved from /opt/airflow/dags/rakuten_pipeline.py
[2026-05-20T17:03:34.961+0000] {logging_mixin.py:188} INFO - [2026-05-20T17:03:34.961+0000] {dag.py:3089} INFO - Sync 1 DAGs
[2026-05-20T17:03:34.976+0000] {logging_mixin.py:188} INFO - [2026-05-20T17:03:34.976+0000] {dag.py:3947} INFO - Setting next_dagrun for rakuten_mlops_pipeline to None, run_after=None
[2026-05-20T17:03:35.009+0000] {processor.py:183} INFO - Processing /opt/airflow/dags/rakuten_pipeline.py took 0.106 seconds
[2026-05-20T17:04:05.235+0000] {processor.py:161} INFO - Started process (PID=118) to work on /opt/airflow/dags/rakuten_pipeline.py
[2026-05-20T17:04:05.236+0000] {processor.py:830} INFO - Processing file /opt/airflow/dags/rakuten_pipeline.py for tasks to queue
[2026-05-20T17:04:05.238+0000] {logging_mixin.py:188} INFO - [2026-05-20T17:04:05.238+0000] {dagbag.py:545} INFO - Filling up the DagBag from /opt/airflow/dags/rakuten_pipeline.py
[2026-05-20T17:04:05.252+0000] {processor.py:840} INFO - DAG(s) 'rakuten_mlops_pipeline' retrieved from /opt/airflow/dags/rakuten_pipeline.py
[2026-05-20T17:04:05.283+0000] {logging_mixin.py:188} INFO - [2026-05-20T17:04:05.283+0000] {dag.py:3089} INFO - Sync 1 DAGs
[2026-05-20T17:04:05.302+0000] {logging_mixin.py:188} INFO - [2026-05-20T17:04:05.301+0000] {dag.py:3947} INFO - Setting next_dagrun for rakuten_mlops_pipeline to None, run_after=None
[2026-05-20T17:04:05.335+0000] {processor.py:183} INFO - Processing /opt/airflow/dags/rakuten_pipeline.py took 0.107 seconds
[2026-05-20T17:04:35.562+0000] {processor.py:161} INFO - Started process (PID=119) to work on /opt/airflow/dags/rakuten_pipeline.py
[2026-05-20T17:04:35.563+0000] {processor.py:830} INFO - Processing file /opt/airflow/dags/rakuten_pipeline.py for tasks to queue
[2026-05-20T17:04:35.566+0000] {logging_mixin.py:188} INFO - [2026-05-20T17:04:35.565+0000] {dagbag.py:545} INFO - Filling up the DagBag from /opt/airflow/dags/rakuten_pipeline.py
[2026-05-20T17:04:35.578+0000] {processor.py:840} INFO - DAG(s) 'rakuten_mlops_pipeline' retrieved from /opt/airflow/dags/rakuten_pipeline.py
[2026-05-20T17:04:35.609+0000] {logging_mixin.py:188} INFO - [2026-05-20T17:04:35.609+0000] {dag.py:3089} INFO - Sync 1 DAGs
[2026-05-20T17:04:35.624+0000] {logging_mixin.py:188} INFO - [2026-05-20T17:04:35.624+0000] {dag.py:3947} INFO - Setting next_dagrun for rakuten_mlops_pipeline to None, run_after=None
[2026-05-20T17:04:35.658+0000] {processor.py:183} INFO - Processing /opt/airflow/dags/rakuten_pipeline.py took 0.106 seconds
[2026-05-20T17:05:05.889+0000] {processor.py:161} INFO - Started process (PID=120) to work on /opt/airflow/dags/rakuten_pipeline.py
[2026-05-20T17:05:05.891+0000] {processor.py:830} INFO - Processing file /opt/airflow/dags/rakuten_pipeline.py for tasks to queue
[2026-05-20T17:05:05.894+0000] {logging_mixin.py:188} INFO - [2026-05-20T17:05:05.893+0000] {dagbag.py:545} INFO - Filling up the DagBag from /opt/airflow/dags/rakuten_pipeline.py
[2026-05-20T17:05:05.907+0000] {processor.py:840} INFO - DAG(s) 'rakuten_mlops_pipeline' retrieved from /opt/airflow/dags/rakuten_pipeline.py
[2026-05-20T17:05:05.939+0000] {logging_mixin.py:188} INFO - [2026-05-20T17:05:05.939+0000] {dag.py:3089} INFO - Sync 1 DAGs
[2026-05-20T17:05:05.954+0000] {logging_mixin.py:188} INFO - [2026-05-20T17:05:05.954+0000] {dag.py:3947} INFO - Setting next_dagrun for rakuten_mlops_pipeline to None, run_after=None
[2026-05-20T17:05:05.987+0000] {processor.py:183} INFO - Processing /opt/airflow/dags/rakuten_pipeline.py took 0.108 seconds
[2026-05-20T17:05:36.207+0000] {processor.py:161} INFO - Started process (PID=121) to work on /opt/airflow/dags/rakuten_pipeline.py
[2026-05-20T17:05:36.208+0000] {processor.py:830} INFO - Processing file /opt/airflow/dags/rakuten_pipeline.py for tasks to queue
[2026-05-20T17:05:36.211+0000] {logging_mixin.py:188} INFO - [2026-05-20T17:05:36.210+0000] {dagbag.py:545} INFO - Filling up the DagBag from /opt/airflow/dags/rakuten_pipeline.py
[2026-05-20T17:05:36.223+0000] {processor.py:840} INFO - DAG(s) 'rakuten_mlops_pipeline' retrieved from /opt/airflow/dags/rakuten_pipeline.py
[2026-05-20T17:05:36.254+0000] {logging_mixin.py:188} INFO - [2026-05-20T17:05:36.253+0000] {dag.py:3089} INFO - Sync 1 DAGs
[2026-05-20T17:05:36.268+0000] {logging_mixin.py:188} INFO - [2026-05-20T17:05:36.268+0000] {dag.py:3947} INFO - Setting next_dagrun for rakuten_mlops_pipeline to None, run_after=None
[2026-05-20T17:05:36.319+0000] {processor.py:183} INFO - Processing /opt/airflow/dags/rakuten_pipeline.py took 0.122 seconds
[2026-05-20T17:06:06.526+0000] {processor.py:161} INFO - Started process (PID=122) to work on /opt/airflow/dags/rakuten_pipeline.py
[2026-05-20T17:06:06.527+0000] {processor.py:830} INFO - Processing file /opt/airflow/dags/rakuten_pipeline.py for tasks to queue
[2026-05-20T17:06:06.530+0000] {logging_mixin.py:188} INFO - [2026-05-20T17:06:06.530+0000] {dagbag.py:545} INFO - Filling up the DagBag from /opt/airflow/dags/rakuten_pipeline.py
[2026-05-20T17:06:06.542+0000] {processor.py:840} INFO - DAG(s) 'rakuten_mlops_pipeline' retrieved from /opt/airflow/dags/rakuten_pipeline.py
[2026-05-20T17:06:06.572+0000] {logging_mixin.py:188} INFO - [2026-05-20T17:06:06.572+0000] {dag.py:3089} INFO - Sync 1 DAGs
[2026-05-20T17:06:06.587+0000] {logging_mixin.py:188} INFO - [2026-05-20T17:06:06.587+0000] {dag.py:3947} INFO - Setting next_dagrun for rakuten_mlops_pipeline to None, run_after=None
[2026-05-20T17:06:06.637+0000] {processor.py:183} INFO - Processing /opt/airflow/dags/rakuten_pipeline.py took 0.119 seconds
[2026-05-20T17:06:36.848+0000] {processor.py:161} INFO - Started process (PID=123) to work on /opt/airflow/dags/rakuten_pipeline.py
[2026-05-20T17:06:36.849+0000] {processor.py:830} INFO - Processing file /opt/airflow/dags/rakuten_pipeline.py for tasks to queue
[2026-05-20T17:06:36.851+0000] {logging_mixin.py:188} INFO - [2026-05-20T17:06:36.851+0000] {dagbag.py:545} INFO - Filling up the DagBag from /opt/airflow/dags/rakuten_pipeline.py
[2026-05-20T17:06:36.863+0000] {processor.py:840} INFO - DAG(s) 'rakuten_mlops_pipeline' retrieved from /opt/airflow/dags/rakuten_pipeline.py
[2026-05-20T17:06:36.893+0000] {logging_mixin.py:188} INFO - [2026-05-20T17:06:36.892+0000] {dag.py:3089} INFO - Sync 1 DAGs
[2026-05-20T17:06:36.907+0000] {logging_mixin.py:188} INFO - [2026-05-20T17:06:36.907+0000] {dag.py:3947} INFO - Setting next_dagrun for rakuten_mlops_pipeline to None, run_after=None
[2026-05-20T17:06:36.938+0000] {processor.py:183} INFO - Processing /opt/airflow/dags/rakuten_pipeline.py took 0.099 seconds
[2026-05-20T17:07:07.179+0000] {processor.py:161} INFO - Started process (PID=124) to work on /opt/airflow/dags/rakuten_pipeline.py
[2026-05-20T17:07:07.181+0000] {processor.py:830} INFO - Processing file /opt/airflow/dags/rakuten_pipeline.py for tasks to queue
[2026-05-20T17:07:07.183+0000] {logging_mixin.py:188} INFO - [2026-05-20T17:07:07.183+0000] {dagbag.py:545} INFO - Filling up the DagBag from /opt/airflow/dags/rakuten_pipeline.py
[2026-05-20T17:07:07.196+0000] {processor.py:840} INFO - DAG(s) 'rakuten_mlops_pipeline' retrieved from /opt/airflow/dags/rakuten_pipeline.py
[2026-05-20T17:07:07.225+0000] {logging_mixin.py:188} INFO - [2026-05-20T17:07:07.225+0000] {dag.py:3089} INFO - Sync 1 DAGs
[2026-05-20T17:07:07.240+0000] {logging_mixin.py:188} INFO - [2026-05-20T17:07:07.240+0000] {dag.py:3947} INFO - Setting next_dagrun for rakuten_mlops_pipeline to None, run_after=None
[2026-05-20T17:07:07.272+0000] {processor.py:183} INFO - Processing /opt/airflow/dags/rakuten_pipeline.py took 0.101 seconds
[2026-05-20T17:07:37.503+0000] {processor.py:161} INFO - Started process (PID=125) to work on /opt/airflow/dags/rakuten_pipeline.py
[2026-05-20T17:07:37.505+0000] {processor.py:830} INFO - Processing file /opt/airflow/dags/rakuten_pipeline.py for tasks to queue
[2026-05-20T17:07:37.507+0000] {logging_mixin.py:188} INFO - [2026-05-20T17:07:37.507+0000] {dagbag.py:545} INFO - Filling up the DagBag from /opt/airflow/dags/rakuten_pipeline.py
[2026-05-20T17:07:37.520+0000] {processor.py:840} INFO - DAG(s) 'rakuten_mlops_pipeline' retrieved from /opt/airflow/dags/rakuten_pipeline.py
[2026-05-20T17:07:37.550+0000] {logging_mixin.py:188} INFO - [2026-05-20T17:07:37.550+0000] {dag.py:3089} INFO - Sync 1 DAGs
[2026-05-20T17:07:37.566+0000] {logging_mixin.py:188} INFO - [2026-05-20T17:07:37.565+0000] {dag.py:3947} INFO - Setting next_dagrun for rakuten_mlops_pipeline to None, run_after=None
[2026-05-20T17:07:37.598+0000] {processor.py:183} INFO - Processing /opt/airflow/dags/rakuten_pipeline.py took 0.105 seconds
[2026-05-20T17:08:07.822+0000] {processor.py:161} INFO - Started process (PID=126) to work on /opt/airflow/dags/rakuten_pipeline.py
[2026-05-20T17:08:07.824+0000] {processor.py:830} INFO - Processing file /opt/airflow/dags/rakuten_pipeline.py for tasks to queue
[2026-05-20T17:08:07.826+0000] {logging_mixin.py:188} INFO - [2026-05-20T17:08:07.825+0000] {dagbag.py:545} INFO - Filling up the DagBag from /opt/airflow/dags/rakuten_pipeline.py
[2026-05-20T17:08:07.836+0000] {processor.py:840} INFO - DAG(s) 'rakuten_mlops_pipeline' retrieved from /opt/airflow/dags/rakuten_pipeline.py
[2026-05-20T17:08:07.861+0000] {logging_mixin.py:188} INFO - [2026-05-20T17:08:07.861+0000] {dag.py:3089} INFO - Sync 1 DAGs
[2026-05-20T17:08:07.874+0000] {logging_mixin.py:188} INFO - [2026-05-20T17:08:07.874+0000] {dag.py:3947} INFO - Setting next_dagrun for rakuten_mlops_pipeline to None, run_after=None
[2026-05-20T17:08:07.904+0000] {processor.py:183} INFO - Processing /opt/airflow/dags/rakuten_pipeline.py took 0.090 seconds
[2026-05-20T17:08:38.045+0000] {processor.py:161} INFO - Started process (PID=127) to work on /opt/airflow/dags/rakuten_pipeline.py
[2026-05-20T17:08:38.046+0000] {processor.py:830} INFO - Processing file /opt/airflow/dags/rakuten_pipeline.py for tasks to queue
[2026-05-20T17:08:38.048+0000] {logging_mixin.py:188} INFO - [2026-05-20T17:08:38.048+0000] {dagbag.py:545} INFO - Filling up the DagBag from /opt/airflow/dags/rakuten_pipeline.py
[2026-05-20T17:08:38.061+0000] {processor.py:840} INFO - DAG(s) 'rakuten_mlops_pipeline' retrieved from /opt/airflow/dags/rakuten_pipeline.py
[2026-05-20T17:08:38.092+0000] {logging_mixin.py:188} INFO - [2026-05-20T17:08:38.091+0000] {dag.py:3089} INFO - Sync 1 DAGs
[2026-05-20T17:08:38.109+0000] {logging_mixin.py:188} INFO - [2026-05-20T17:08:38.108+0000] {dag.py:3947} INFO - Setting next_dagrun for rakuten_mlops_pipeline to None, run_after=None
[2026-05-20T17:08:38.143+0000] {processor.py:183} INFO - Processing /opt/airflow/dags/rakuten_pipeline.py took 0.109 seconds
[2026-05-20T17:09:08.363+0000] {processor.py:161} INFO - Started process (PID=128) to work on /opt/airflow/dags/rakuten_pipeline.py
[2026-05-20T17:09:08.365+0000] {processor.py:830} INFO - Processing file /opt/airflow/dags/rakuten_pipeline.py for tasks to queue
[2026-05-20T17:09:08.367+0000] {logging_mixin.py:188} INFO - [2026-05-20T17:09:08.367+0000] {dagbag.py:545} INFO - Filling up the DagBag from /opt/airflow/dags/rakuten_pipeline.py
[2026-05-20T17:09:08.379+0000] {processor.py:840} INFO - DAG(s) 'rakuten_mlops_pipeline' retrieved from /opt/airflow/dags/rakuten_pipeline.py
[2026-05-20T17:09:08.410+0000] {logging_mixin.py:188} INFO - [2026-05-20T17:09:08.409+0000] {dag.py:3089} INFO - Sync 1 DAGs
[2026-05-20T17:09:08.425+0000] {logging_mixin.py:188} INFO - [2026-05-20T17:09:08.424+0000] {dag.py:3947} INFO - Setting next_dagrun for rakuten_mlops_pipeline to None, run_after=None
[2026-05-20T17:09:08.461+0000] {processor.py:183} INFO - Processing /opt/airflow/dags/rakuten_pipeline.py took 0.108 seconds
[2026-05-20T17:09:38.685+0000] {processor.py:161} INFO - Started process (PID=129) to work on /opt/airflow/dags/rakuten_pipeline.py
[2026-05-20T17:09:38.687+0000] {processor.py:830} INFO - Processing file /opt/airflow/dags/rakuten_pipeline.py for tasks to queue
[2026-05-20T17:09:38.690+0000] {logging_mixin.py:188} INFO - [2026-05-20T17:09:38.689+0000] {dagbag.py:545} INFO - Filling up the DagBag from /opt/airflow/dags/rakuten_pipeline.py
[2026-05-20T17:09:38.701+0000] {processor.py:840} INFO - DAG(s) 'rakuten_mlops_pipeline' retrieved from /opt/airflow/dags/rakuten_pipeline.py
[2026-05-20T17:09:38.732+0000] {logging_mixin.py:188} INFO - [2026-05-20T17:09:38.732+0000] {dag.py:3089} INFO - Sync 1 DAGs
[2026-05-20T17:09:38.747+0000] {logging_mixin.py:188} INFO - [2026-05-20T17:09:38.747+0000] {dag.py:3947} INFO - Setting next_dagrun for rakuten_mlops_pipeline to None, run_after=None
[2026-05-20T17:09:38.778+0000] {processor.py:183} INFO - Processing /opt/airflow/dags/rakuten_pipeline.py took 0.102 seconds
[2026-05-20T17:10:08.943+0000] {processor.py:161} INFO - Started process (PID=130) to work on /opt/airflow/dags/rakuten_pipeline.py
[2026-05-20T17:10:08.944+0000] {processor.py:830} INFO - Processing file /opt/airflow/dags/rakuten_pipeline.py for tasks to queue
[2026-05-20T17:10:08.947+0000] {logging_mixin.py:188} INFO - [2026-05-20T17:10:08.946+0000] {dagbag.py:545} INFO - Filling up the DagBag from /opt/airflow/dags/rakuten_pipeline.py
[2026-05-20T17:10:08.959+0000] {processor.py:840} INFO - DAG(s) 'rakuten_mlops_pipeline' retrieved from /opt/airflow/dags/rakuten_pipeline.py
[2026-05-20T17:10:08.990+0000] {logging_mixin.py:188} INFO - [2026-05-20T17:10:08.989+0000] {dag.py:3089} INFO - Sync 1 DAGs
[2026-05-20T17:10:09.004+0000] {logging_mixin.py:188} INFO - [2026-05-20T17:10:09.004+0000] {dag.py:3947} INFO - Setting next_dagrun for rakuten_mlops_pipeline to None, run_after=None
[2026-05-20T17:10:09.035+0000] {processor.py:183} INFO - Processing /opt/airflow/dags/rakuten_pipeline.py took 0.101 seconds
[2026-05-20T17:10:39.217+0000] {processor.py:161} INFO - Started process (PID=131) to work on /opt/airflow/dags/rakuten_pipeline.py
[2026-05-20T17:10:39.218+0000] {processor.py:830} INFO - Processing file /opt/airflow/dags/rakuten_pipeline.py for tasks to queue
[2026-05-20T17:10:39.221+0000] {logging_mixin.py:188} INFO - [2026-05-20T17:10:39.220+0000] {dagbag.py:545} INFO - Filling up the DagBag from /opt/airflow/dags/rakuten_pipeline.py
[2026-05-20T17:10:39.234+0000] {processor.py:840} INFO - DAG(s) 'rakuten_mlops_pipeline' retrieved from /opt/airflow/dags/rakuten_pipeline.py
[2026-05-20T17:10:39.264+0000] {logging_mixin.py:188} INFO - [2026-05-20T17:10:39.263+0000] {dag.py:3089} INFO - Sync 1 DAGs
[2026-05-20T17:10:39.279+0000] {logging_mixin.py:188} INFO - [2026-05-20T17:10:39.278+0000] {dag.py:3947} INFO - Setting next_dagrun for rakuten_mlops_pipeline to None, run_after=None
[2026-05-20T17:10:39.312+0000] {processor.py:183} INFO - Processing /opt/airflow/dags/rakuten_pipeline.py took 0.105 seconds
[2026-05-20T17:11:09.544+0000] {processor.py:161} INFO - Started process (PID=132) to work on /opt/airflow/dags/rakuten_pipeline.py
[2026-05-20T17:11:09.545+0000] {processor.py:830} INFO - Processing file /opt/airflow/dags/rakuten_pipeline.py for tasks to queue
[2026-05-20T17:11:09.549+0000] {logging_mixin.py:188} INFO - [2026-05-20T17:11:09.548+0000] {dagbag.py:545} INFO - Filling up the DagBag from /opt/airflow/dags/rakuten_pipeline.py
[2026-05-20T17:11:09.561+0000] {processor.py:840} INFO - DAG(s) 'rakuten_mlops_pipeline' retrieved from /opt/airflow/dags/rakuten_pipeline.py
[2026-05-20T17:11:09.591+0000] {logging_mixin.py:188} INFO - [2026-05-20T17:11:09.591+0000] {dag.py:3089} INFO - Sync 1 DAGs
[2026-05-20T17:11:09.607+0000] {logging_mixin.py:188} INFO - [2026-05-20T17:11:09.606+0000] {dag.py:3947} INFO - Setting next_dagrun for rakuten_mlops_pipeline to None, run_after=None
[2026-05-20T17:11:09.637+0000] {processor.py:183} INFO - Processing /opt/airflow/dags/rakuten_pipeline.py took 0.103 seconds
[2026-05-20T17:11:39.875+0000] {processor.py:161} INFO - Started process (PID=133) to work on /opt/airflow/dags/rakuten_pipeline.py
[2026-05-20T17:11:39.877+0000] {processor.py:830} INFO - Processing file /opt/airflow/dags/rakuten_pipeline.py for tasks to queue
[2026-05-20T17:11:39.879+0000] {logging_mixin.py:188} INFO - [2026-05-20T17:11:39.879+0000] {dagbag.py:545} INFO - Filling up the DagBag from /opt/airflow/dags/rakuten_pipeline.py
[2026-05-20T17:11:39.891+0000] {processor.py:840} INFO - DAG(s) 'rakuten_mlops_pipeline' retrieved from /opt/airflow/dags/rakuten_pipeline.py
[2026-05-20T17:11:39.921+0000] {logging_mixin.py:188} INFO - [2026-05-20T17:11:39.921+0000] {dag.py:3089} INFO - Sync 1 DAGs
[2026-05-20T17:11:39.936+0000] {logging_mixin.py:188} INFO - [2026-05-20T17:11:39.936+0000] {dag.py:3947} INFO - Setting next_dagrun for rakuten_mlops_pipeline to None, run_after=None
[2026-05-20T17:11:39.969+0000] {processor.py:183} INFO - Processing /opt/airflow/dags/rakuten_pipeline.py took 0.105 seconds
[2026-05-20T17:12:10.193+0000] {processor.py:161} INFO - Started process (PID=134) to work on /opt/airflow/dags/rakuten_pipeline.py
[2026-05-20T17:12:10.195+0000] {processor.py:830} INFO - Processing file /opt/airflow/dags/rakuten_pipeline.py for tasks to queue
[2026-05-20T17:12:10.197+0000] {logging_mixin.py:188} INFO - [2026-05-20T17:12:10.196+0000] {dagbag.py:545} INFO - Filling up the DagBag from /opt/airflow/dags/rakuten_pipeline.py
[2026-05-20T17:12:10.209+0000] {processor.py:840} INFO - DAG(s) 'rakuten_mlops_pipeline' retrieved from /opt/airflow/dags/rakuten_pipeline.py
[2026-05-20T17:12:10.238+0000] {logging_mixin.py:188} INFO - [2026-05-20T17:12:10.238+0000] {dag.py:3089} INFO - Sync 1 DAGs
[2026-05-20T17:12:10.253+0000] {logging_mixin.py:188} INFO - [2026-05-20T17:12:10.253+0000] {dag.py:3947} INFO - Setting next_dagrun for rakuten_mlops_pipeline to None, run_after=None
[2026-05-20T17:12:10.284+0000] {processor.py:183} INFO - Processing /opt/airflow/dags/rakuten_pipeline.py took 0.099 seconds
[2026-05-20T17:12:40.520+0000] {processor.py:161} INFO - Started process (PID=135) to work on /opt/airflow/dags/rakuten_pipeline.py
[2026-05-20T17:12:40.521+0000] {processor.py:830} INFO - Processing file /opt/airflow/dags/rakuten_pipeline.py for tasks to queue
[2026-05-20T17:12:40.523+0000] {logging_mixin.py:188} INFO - [2026-05-20T17:12:40.523+0000] {dagbag.py:545} INFO - Filling up the DagBag from /opt/airflow/dags/rakuten_pipeline.py
[2026-05-20T17:12:40.536+0000] {processor.py:840} INFO - DAG(s) 'rakuten_mlops_pipeline' retrieved from /opt/airflow/dags/rakuten_pipeline.py
[2026-05-20T17:12:40.568+0000] {logging_mixin.py:188} INFO - [2026-05-20T17:12:40.567+0000] {dag.py:3089} INFO - Sync 1 DAGs
[2026-05-20T17:12:40.583+0000] {logging_mixin.py:188} INFO - [2026-05-20T17:12:40.582+0000] {dag.py:3947} INFO - Setting next_dagrun for rakuten_mlops_pipeline to None, run_after=None
[2026-05-20T17:12:40.616+0000] {processor.py:183} INFO - Processing /opt/airflow/dags/rakuten_pipeline.py took 0.107 seconds
[2026-05-20T17:13:10.845+0000] {processor.py:161} INFO - Started process (PID=136) to work on /opt/airflow/dags/rakuten_pipeline.py
[2026-05-20T17:13:10.847+0000] {processor.py:830} INFO - Processing file /opt/airflow/dags/rakuten_pipeline.py for tasks to queue
[2026-05-20T17:13:10.849+0000] {logging_mixin.py:188} INFO - [2026-05-20T17:13:10.849+0000] {dagbag.py:545} INFO - Filling up the DagBag from /opt/airflow/dags/rakuten_pipeline.py
[2026-05-20T17:13:10.861+0000] {processor.py:840} INFO - DAG(s) 'rakuten_mlops_pipeline' retrieved from /opt/airflow/dags/rakuten_pipeline.py
[2026-05-20T17:13:10.891+0000] {logging_mixin.py:188} INFO - [2026-05-20T17:13:10.890+0000] {dag.py:3089} INFO - Sync 1 DAGs
[2026-05-20T17:13:10.907+0000] {logging_mixin.py:188} INFO - [2026-05-20T17:13:10.906+0000] {dag.py:3947} INFO - Setting next_dagrun for rakuten_mlops_pipeline to None, run_after=None
[2026-05-20T17:13:10.939+0000] {processor.py:183} INFO - Processing /opt/airflow/dags/rakuten_pipeline.py took 0.104 seconds
[2026-05-20T17:13:41.173+0000] {processor.py:161} INFO - Started process (PID=137) to work on /opt/airflow/dags/rakuten_pipeline.py
[2026-05-20T17:13:41.174+0000] {processor.py:830} INFO - Processing file /opt/airflow/dags/rakuten_pipeline.py for tasks to queue
[2026-05-20T17:13:41.177+0000] {logging_mixin.py:188} INFO - [2026-05-20T17:13:41.177+0000] {dagbag.py:545} INFO - Filling up the DagBag from /opt/airflow/dags/rakuten_pipeline.py
[2026-05-20T17:13:41.189+0000] {processor.py:840} INFO - DAG(s) 'rakuten_mlops_pipeline' retrieved from /opt/airflow/dags/rakuten_pipeline.py
[2026-05-20T17:13:41.221+0000] {logging_mixin.py:188} INFO - [2026-05-20T17:13:41.220+0000] {dag.py:3089} INFO - Sync 1 DAGs
[2026-05-20T17:13:41.236+0000] {logging_mixin.py:188} INFO - [2026-05-20T17:13:41.235+0000] {dag.py:3947} INFO - Setting next_dagrun for rakuten_mlops_pipeline to None, run_after=None
[2026-05-20T17:13:41.269+0000] {processor.py:183} INFO - Processing /opt/airflow/dags/rakuten_pipeline.py took 0.106 seconds
[2026-05-20T17:14:11.480+0000] {processor.py:161} INFO - Started process (PID=138) to work on /opt/airflow/dags/rakuten_pipeline.py
[2026-05-20T17:14:11.482+0000] {processor.py:830} INFO - Processing file /opt/airflow/dags/rakuten_pipeline.py for tasks to queue
[2026-05-20T17:14:11.485+0000] {logging_mixin.py:188} INFO - [2026-05-20T17:14:11.484+0000] {dagbag.py:545} INFO - Filling up the DagBag from /opt/airflow/dags/rakuten_pipeline.py
[2026-05-20T17:14:11.497+0000] {processor.py:840} INFO - DAG(s) 'rakuten_mlops_pipeline' retrieved from /opt/airflow/dags/rakuten_pipeline.py
[2026-05-20T17:14:11.529+0000] {logging_mixin.py:188} INFO - [2026-05-20T17:14:11.528+0000] {dag.py:3089} INFO - Sync 1 DAGs
[2026-05-20T17:14:11.544+0000] {logging_mixin.py:188} INFO - [2026-05-20T17:14:11.544+0000] {dag.py:3947} INFO - Setting next_dagrun for rakuten_mlops_pipeline to None, run_after=None
[2026-05-20T17:14:11.576+0000] {processor.py:183} INFO - Processing /opt/airflow/dags/rakuten_pipeline.py took 0.106 seconds
[2026-05-20T17:14:41.822+0000] {processor.py:161} INFO - Started process (PID=139) to work on /opt/airflow/dags/rakuten_pipeline.py
[2026-05-20T17:14:41.824+0000] {processor.py:830} INFO - Processing file /opt/airflow/dags/rakuten_pipeline.py for tasks to queue
[2026-05-20T17:14:41.826+0000] {logging_mixin.py:188} INFO - [2026-05-20T17:14:41.825+0000] {dagbag.py:545} INFO - Filling up the DagBag from /opt/airflow/dags/rakuten_pipeline.py
[2026-05-20T17:14:41.838+0000] {processor.py:840} INFO - DAG(s) 'rakuten_mlops_pipeline' retrieved from /opt/airflow/dags/rakuten_pipeline.py
[2026-05-20T17:14:41.870+0000] {logging_mixin.py:188} INFO - [2026-05-20T17:14:41.869+0000] {dag.py:3089} INFO - Sync 1 DAGs
[2026-05-20T17:14:41.885+0000] {logging_mixin.py:188} INFO - [2026-05-20T17:14:41.885+0000] {dag.py:3947} INFO - Setting next_dagrun for rakuten_mlops_pipeline to None, run_after=None
[2026-05-20T17:14:41.918+0000] {processor.py:183} INFO - Processing /opt/airflow/dags/rakuten_pipeline.py took 0.107 seconds
[2026-05-20T17:15:12.159+0000] {processor.py:161} INFO - Started process (PID=140) to work on /opt/airflow/dags/rakuten_pipeline.py
[2026-05-20T17:15:12.160+0000] {processor.py:830} INFO - Processing file /opt/airflow/dags/rakuten_pipeline.py for tasks to queue
[2026-05-20T17:15:12.163+0000] {logging_mixin.py:188} INFO - [2026-05-20T17:15:12.162+0000] {dagbag.py:545} INFO - Filling up the DagBag from /opt/airflow/dags/rakuten_pipeline.py
[2026-05-20T17:15:12.175+0000] {processor.py:840} INFO - DAG(s) 'rakuten_mlops_pipeline' retrieved from /opt/airflow/dags/rakuten_pipeline.py
[2026-05-20T17:15:12.206+0000] {logging_mixin.py:188} INFO - [2026-05-20T17:15:12.205+0000] {dag.py:3089} INFO - Sync 1 DAGs
[2026-05-20T17:15:12.221+0000] {logging_mixin.py:188} INFO - [2026-05-20T17:15:12.221+0000] {dag.py:3947} INFO - Setting next_dagrun for rakuten_mlops_pipeline to None, run_after=None
[2026-05-20T17:15:12.253+0000] {processor.py:183} INFO - Processing /opt/airflow/dags/rakuten_pipeline.py took 0.104 seconds
[2026-05-20T17:15:42.480+0000] {processor.py:161} INFO - Started process (PID=141) to work on /opt/airflow/dags/rakuten_pipeline.py
[2026-05-20T17:15:42.482+0000] {processor.py:830} INFO - Processing file /opt/airflow/dags/rakuten_pipeline.py for tasks to queue
[2026-05-20T17:15:42.484+0000] {logging_mixin.py:188} INFO - [2026-05-20T17:15:42.484+0000] {dagbag.py:545} INFO - Filling up the DagBag from /opt/airflow/dags/rakuten_pipeline.py
[2026-05-20T17:15:42.496+0000] {processor.py:840} INFO - DAG(s) 'rakuten_mlops_pipeline' retrieved from /opt/airflow/dags/rakuten_pipeline.py
[2026-05-20T17:15:42.527+0000] {logging_mixin.py:188} INFO - [2026-05-20T17:15:42.526+0000] {dag.py:3089} INFO - Sync 1 DAGs
[2026-05-20T17:15:42.542+0000] {logging_mixin.py:188} INFO - [2026-05-20T17:15:42.542+0000] {dag.py:3947} INFO - Setting next_dagrun for rakuten_mlops_pipeline to None, run_after=None
[2026-05-20T17:15:42.576+0000] {processor.py:183} INFO - Processing /opt/airflow/dags/rakuten_pipeline.py took 0.107 seconds
[2026-05-20T17:16:12.796+0000] {processor.py:161} INFO - Started process (PID=142) to work on /opt/airflow/dags/rakuten_pipeline.py
[2026-05-20T17:16:12.798+0000] {processor.py:830} INFO - Processing file /opt/airflow/dags/rakuten_pipeline.py for tasks to queue
[2026-05-20T17:16:12.800+0000] {logging_mixin.py:188} INFO - [2026-05-20T17:16:12.800+0000] {dagbag.py:545} INFO - Filling up the DagBag from /opt/airflow/dags/rakuten_pipeline.py
[2026-05-20T17:16:12.810+0000] {processor.py:840} INFO - DAG(s) 'rakuten_mlops_pipeline' retrieved from /opt/airflow/dags/rakuten_pipeline.py
[2026-05-20T17:16:12.836+0000] {logging_mixin.py:188} INFO - [2026-05-20T17:16:12.836+0000] {dag.py:3089} INFO - Sync 1 DAGs
[2026-05-20T17:16:12.850+0000] {logging_mixin.py:188} INFO - [2026-05-20T17:16:12.849+0000] {dag.py:3947} INFO - Setting next_dagrun for rakuten_mlops_pipeline to None, run_after=None
[2026-05-20T17:16:12.880+0000] {processor.py:183} INFO - Processing /opt/airflow/dags/rakuten_pipeline.py took 0.092 seconds
[2026-05-20T17:16:43.015+0000] {processor.py:161} INFO - Started process (PID=143) to work on /opt/airflow/dags/rakuten_pipeline.py
[2026-05-20T17:16:43.017+0000] {processor.py:830} INFO - Processing file /opt/airflow/dags/rakuten_pipeline.py for tasks to queue
[2026-05-20T17:16:43.019+0000] {logging_mixin.py:188} INFO - [2026-05-20T17:16:43.018+0000] {dagbag.py:545} INFO - Filling up the DagBag from /opt/airflow/dags/rakuten_pipeline.py
[2026-05-20T17:16:43.029+0000] {processor.py:840} INFO - DAG(s) 'rakuten_mlops_pipeline' retrieved from /opt/airflow/dags/rakuten_pipeline.py
[2026-05-20T17:16:43.055+0000] {logging_mixin.py:188} INFO - [2026-05-20T17:16:43.054+0000] {dag.py:3089} INFO - Sync 1 DAGs
[2026-05-20T17:16:43.068+0000] {logging_mixin.py:188} INFO - [2026-05-20T17:16:43.067+0000] {dag.py:3947} INFO - Setting next_dagrun for rakuten_mlops_pipeline to None, run_after=None
[2026-05-20T17:16:43.096+0000] {processor.py:183} INFO - Processing /opt/airflow/dags/rakuten_pipeline.py took 0.090 seconds
[2026-05-20T17:17:13.230+0000] {processor.py:161} INFO - Started process (PID=144) to work on /opt/airflow/dags/rakuten_pipeline.py
[2026-05-20T17:17:13.232+0000] {processor.py:830} INFO - Processing file /opt/airflow/dags/rakuten_pipeline.py for tasks to queue
[2026-05-20T17:17:13.234+0000] {logging_mixin.py:188} INFO - [2026-05-20T17:17:13.234+0000] {dagbag.py:545} INFO - Filling up the DagBag from /opt/airflow/dags/rakuten_pipeline.py
[2026-05-20T17:17:13.245+0000] {processor.py:840} INFO - DAG(s) 'rakuten_mlops_pipeline' retrieved from /opt/airflow/dags/rakuten_pipeline.py
[2026-05-20T17:17:13.271+0000] {logging_mixin.py:188} INFO - [2026-05-20T17:17:13.271+0000] {dag.py:3089} INFO - Sync 1 DAGs
[2026-05-20T17:17:13.285+0000] {logging_mixin.py:188} INFO - [2026-05-20T17:17:13.285+0000] {dag.py:3947} INFO - Setting next_dagrun for rakuten_mlops_pipeline to None, run_after=None
[2026-05-20T17:17:13.330+0000] {processor.py:183} INFO - Processing /opt/airflow/dags/rakuten_pipeline.py took 0.110 seconds
[2026-05-20T17:17:43.531+0000] {processor.py:161} INFO - Started process (PID=151) to work on /opt/airflow/dags/rakuten_pipeline.py
[2026-05-20T17:17:43.532+0000] {processor.py:830} INFO - Processing file /opt/airflow/dags/rakuten_pipeline.py for tasks to queue
[2026-05-20T17:17:43.534+0000] {logging_mixin.py:188} INFO - [2026-05-20T17:17:43.533+0000] {dagbag.py:545} INFO - Filling up the DagBag from /opt/airflow/dags/rakuten_pipeline.py
[2026-05-20T17:17:43.545+0000] {processor.py:840} INFO - DAG(s) 'rakuten_mlops_pipeline' retrieved from /opt/airflow/dags/rakuten_pipeline.py
[2026-05-20T17:17:43.572+0000] {logging_mixin.py:188} INFO - [2026-05-20T17:17:43.572+0000] {dag.py:3089} INFO - Sync 1 DAGs
[2026-05-20T17:17:43.586+0000] {logging_mixin.py:188} INFO - [2026-05-20T17:17:43.586+0000] {dag.py:3947} INFO - Setting next_dagrun for rakuten_mlops_pipeline to None, run_after=None
[2026-05-20T17:17:43.615+0000] {processor.py:183} INFO - Processing /opt/airflow/dags/rakuten_pipeline.py took 0.093 seconds
[2026-05-20T17:18:13.751+0000] {processor.py:161} INFO - Started process (PID=152) to work on /opt/airflow/dags/rakuten_pipeline.py
[2026-05-20T17:18:13.753+0000] {processor.py:830} INFO - Processing file /opt/airflow/dags/rakuten_pipeline.py for tasks to queue
[2026-05-20T17:18:13.756+0000] {logging_mixin.py:188} INFO - [2026-05-20T17:18:13.755+0000] {dagbag.py:545} INFO - Filling up the DagBag from /opt/airflow/dags/rakuten_pipeline.py
[2026-05-20T17:18:13.767+0000] {processor.py:840} INFO - DAG(s) 'rakuten_mlops_pipeline' retrieved from /opt/airflow/dags/rakuten_pipeline.py
[2026-05-20T17:18:13.793+0000] {logging_mixin.py:188} INFO - [2026-05-20T17:18:13.793+0000] {dag.py:3089} INFO - Sync 1 DAGs
[2026-05-20T17:18:13.807+0000] {logging_mixin.py:188} INFO - [2026-05-20T17:18:13.807+0000] {dag.py:3947} INFO - Setting next_dagrun for rakuten_mlops_pipeline to None, run_after=None
[2026-05-20T17:18:13.838+0000] {processor.py:183} INFO - Processing /opt/airflow/dags/rakuten_pipeline.py took 0.095 seconds
[2026-05-20T17:18:43.972+0000] {processor.py:161} INFO - Started process (PID=153) to work on /opt/airflow/dags/rakuten_pipeline.py
[2026-05-20T17:18:43.974+0000] {processor.py:830} INFO - Processing file /opt/airflow/dags/rakuten_pipeline.py for tasks to queue
[2026-05-20T17:18:43.977+0000] {logging_mixin.py:188} INFO - [2026-05-20T17:18:43.976+0000] {dagbag.py:545} INFO - Filling up the DagBag from /opt/airflow/dags/rakuten_pipeline.py
[2026-05-20T17:18:43.987+0000] {processor.py:840} INFO - DAG(s) 'rakuten_mlops_pipeline' retrieved from /opt/airflow/dags/rakuten_pipeline.py
[2026-05-20T17:18:44.014+0000] {logging_mixin.py:188} INFO - [2026-05-20T17:18:44.014+0000] {dag.py:3089} INFO - Sync 1 DAGs
[2026-05-20T17:18:44.028+0000] {logging_mixin.py:188} INFO - [2026-05-20T17:18:44.027+0000] {dag.py:3947} INFO - Setting next_dagrun for rakuten_mlops_pipeline to None, run_after=None
[2026-05-20T17:18:44.078+0000] {processor.py:183} INFO - Processing /opt/airflow/dags/rakuten_pipeline.py took 0.114 seconds
[2026-05-20T17:19:36.154+0000] {processor.py:161} INFO - Started process (PID=51) to work on /opt/airflow/dags/rakuten_pipeline.py
[2026-05-20T17:19:36.155+0000] {processor.py:830} INFO - Processing file /opt/airflow/dags/rakuten_pipeline.py for tasks to queue
[2026-05-20T17:19:36.156+0000] {logging_mixin.py:188} INFO - [2026-05-20T17:19:36.156+0000] {dagbag.py:545} INFO - Filling up the DagBag from /opt/airflow/dags/rakuten_pipeline.py
[2026-05-20T17:19:36.167+0000] {processor.py:840} INFO - DAG(s) 'rakuten_mlops_pipeline' retrieved from /opt/airflow/dags/rakuten_pipeline.py
[2026-05-20T17:19:36.775+0000] {logging_mixin.py:188} INFO - [2026-05-20T17:19:36.774+0000] {override.py:1858} INFO - Created Permission View: can delete on DAG:rakuten_mlops_pipeline
[2026-05-20T17:19:36.892+0000] {logging_mixin.py:188} INFO - [2026-05-20T17:19:36.891+0000] {override.py:1858} INFO - Created Permission View: can read on DAG:rakuten_mlops_pipeline
[2026-05-20T17:19:36.985+0000] {logging_mixin.py:188} INFO - [2026-05-20T17:19:36.984+0000] {override.py:1858} INFO - Created Permission View: can edit on DAG:rakuten_mlops_pipeline
[2026-05-20T17:19:36.986+0000] {logging_mixin.py:188} INFO - [2026-05-20T17:19:36.986+0000] {dag.py:3089} INFO - Sync 1 DAGs
[2026-05-20T17:19:37.010+0000] {logging_mixin.py:188} INFO - [2026-05-20T17:19:37.010+0000] {dag.py:3111} INFO - Creating ORM DAG for rakuten_mlops_pipeline
[2026-05-20T17:19:37.011+0000] {logging_mixin.py:188} INFO - [2026-05-20T17:19:37.011+0000] {dag.py:3947} INFO - Setting next_dagrun for rakuten_mlops_pipeline to None, run_after=None
[2026-05-20T17:19:37.149+0000] {processor.py:183} INFO - Processing /opt/airflow/dags/rakuten_pipeline.py took 1.003 seconds
[2026-05-20T17:20:07.295+0000] {processor.py:161} INFO - Started process (PID=61) to work on /opt/airflow/dags/rakuten_pipeline.py
[2026-05-20T17:20:07.296+0000] {processor.py:830} INFO - Processing file /opt/airflow/dags/rakuten_pipeline.py for tasks to queue
[2026-05-20T17:20:07.297+0000] {logging_mixin.py:188} INFO - [2026-05-20T17:20:07.297+0000] {dagbag.py:545} INFO - Filling up the DagBag from /opt/airflow/dags/rakuten_pipeline.py
[2026-05-20T17:20:07.308+0000] {processor.py:840} INFO - DAG(s) 'rakuten_mlops_pipeline' retrieved from /opt/airflow/dags/rakuten_pipeline.py
[2026-05-20T17:20:07.334+0000] {logging_mixin.py:188} INFO - [2026-05-20T17:20:07.334+0000] {dag.py:3089} INFO - Sync 1 DAGs
[2026-05-20T17:20:07.348+0000] {logging_mixin.py:188} INFO - [2026-05-20T17:20:07.348+0000] {dag.py:3947} INFO - Setting next_dagrun for rakuten_mlops_pipeline to None, run_after=None
[2026-05-20T17:20:07.390+0000] {processor.py:183} INFO - Processing /opt/airflow/dags/rakuten_pipeline.py took 0.102 seconds
[2026-05-20T17:20:37.765+0000] {processor.py:161} INFO - Started process (PID=72) to work on /opt/airflow/dags/rakuten_pipeline.py
[2026-05-20T17:20:37.766+0000] {processor.py:830} INFO - Processing file /opt/airflow/dags/rakuten_pipeline.py for tasks to queue
[2026-05-20T17:20:37.769+0000] {logging_mixin.py:188} INFO - [2026-05-20T17:20:37.768+0000] {dagbag.py:545} INFO - Filling up the DagBag from /opt/airflow/dags/rakuten_pipeline.py
[2026-05-20T17:20:37.780+0000] {processor.py:840} INFO - DAG(s) 'rakuten_mlops_pipeline' retrieved from /opt/airflow/dags/rakuten_pipeline.py
[2026-05-20T17:20:37.808+0000] {logging_mixin.py:188} INFO - [2026-05-20T17:20:37.808+0000] {dag.py:3089} INFO - Sync 1 DAGs
[2026-05-20T17:20:37.822+0000] {logging_mixin.py:188} INFO - [2026-05-20T17:20:37.822+0000] {dag.py:3947} INFO - Setting next_dagrun for rakuten_mlops_pipeline to None, run_after=None
[2026-05-20T17:20:37.852+0000] {processor.py:183} INFO - Processing /opt/airflow/dags/rakuten_pipeline.py took 0.096 seconds
[2026-05-20T17:21:08.121+0000] {processor.py:161} INFO - Started process (PID=73) to work on /opt/airflow/dags/rakuten_pipeline.py
[2026-05-20T17:21:08.124+0000] {processor.py:830} INFO - Processing file /opt/airflow/dags/rakuten_pipeline.py for tasks to queue
[2026-05-20T17:21:08.126+0000] {logging_mixin.py:188} INFO - [2026-05-20T17:21:08.125+0000] {dagbag.py:545} INFO - Filling up the DagBag from /opt/airflow/dags/rakuten_pipeline.py
[2026-05-20T17:21:08.136+0000] {processor.py:840} INFO - DAG(s) 'rakuten_mlops_pipeline' retrieved from /opt/airflow/dags/rakuten_pipeline.py
[2026-05-20T17:21:08.161+0000] {logging_mixin.py:188} INFO - [2026-05-20T17:21:08.161+0000] {dag.py:3089} INFO - Sync 1 DAGs
[2026-05-20T17:21:08.176+0000] {logging_mixin.py:188} INFO - [2026-05-20T17:21:08.175+0000] {dag.py:3947} INFO - Setting next_dagrun for rakuten_mlops_pipeline to None, run_after=None
[2026-05-20T17:21:08.206+0000] {processor.py:183} INFO - Processing /opt/airflow/dags/rakuten_pipeline.py took 0.094 seconds
[2026-05-20T17:21:38.477+0000] {processor.py:161} INFO - Started process (PID=76) to work on /opt/airflow/dags/rakuten_pipeline.py
[2026-05-20T17:21:38.480+0000] {processor.py:830} INFO - Processing file /opt/airflow/dags/rakuten_pipeline.py for tasks to queue
[2026-05-20T17:21:38.482+0000] {logging_mixin.py:188} INFO - [2026-05-20T17:21:38.481+0000] {dagbag.py:545} INFO - Filling up the DagBag from /opt/airflow/dags/rakuten_pipeline.py
[2026-05-20T17:21:38.492+0000] {processor.py:840} INFO - DAG(s) 'rakuten_mlops_pipeline' retrieved from /opt/airflow/dags/rakuten_pipeline.py
[2026-05-20T17:21:38.517+0000] {logging_mixin.py:188} INFO - [2026-05-20T17:21:38.517+0000] {dag.py:3089} INFO - Sync 1 DAGs
[2026-05-20T17:21:38.531+0000] {logging_mixin.py:188} INFO - [2026-05-20T17:21:38.531+0000] {dag.py:3947} INFO - Setting next_dagrun for rakuten_mlops_pipeline to None, run_after=None
[2026-05-20T17:21:38.559+0000] {processor.py:183} INFO - Processing /opt/airflow/dags/rakuten_pipeline.py took 0.087 seconds
[2026-05-20T17:22:08.732+0000] {processor.py:161} INFO - Started process (PID=84) to work on /opt/airflow/dags/rakuten_pipeline.py
[2026-05-20T17:22:08.735+0000] {processor.py:830} INFO - Processing file /opt/airflow/dags/rakuten_pipeline.py for tasks to queue
[2026-05-20T17:22:08.738+0000] {logging_mixin.py:188} INFO - [2026-05-20T17:22:08.737+0000] {dagbag.py:545} INFO - Filling up the DagBag from /opt/airflow/dags/rakuten_pipeline.py
[2026-05-20T17:22:08.748+0000] {processor.py:840} INFO - DAG(s) 'rakuten_mlops_pipeline' retrieved from /opt/airflow/dags/rakuten_pipeline.py
[2026-05-20T17:22:08.774+0000] {logging_mixin.py:188} INFO - [2026-05-20T17:22:08.774+0000] {dag.py:3089} INFO - Sync 1 DAGs
[2026-05-20T17:22:08.788+0000] {logging_mixin.py:188} INFO - [2026-05-20T17:22:08.787+0000] {dag.py:3947} INFO - Setting next_dagrun for rakuten_mlops_pipeline to None, run_after=None
[2026-05-20T17:22:08.814+0000] {processor.py:183} INFO - Processing /opt/airflow/dags/rakuten_pipeline.py took 0.090 seconds
[2026-05-20T17:22:38.850+0000] {processor.py:161} INFO - Started process (PID=85) to work on /opt/airflow/dags/rakuten_pipeline.py
[2026-05-20T17:22:38.853+0000] {processor.py:830} INFO - Processing file /opt/airflow/dags/rakuten_pipeline.py for tasks to queue
[2026-05-20T17:22:38.855+0000] {logging_mixin.py:188} INFO - [2026-05-20T17:22:38.855+0000] {dagbag.py:545} INFO - Filling up the DagBag from /opt/airflow/dags/rakuten_pipeline.py
[2026-05-20T17:22:38.866+0000] {processor.py:840} INFO - DAG(s) 'rakuten_mlops_pipeline' retrieved from /opt/airflow/dags/rakuten_pipeline.py
[2026-05-20T17:22:38.895+0000] {logging_mixin.py:188} INFO - [2026-05-20T17:22:38.894+0000] {dag.py:3089} INFO - Sync 1 DAGs
[2026-05-20T17:22:38.909+0000] {logging_mixin.py:188} INFO - [2026-05-20T17:22:38.909+0000] {dag.py:3947} INFO - Setting next_dagrun for rakuten_mlops_pipeline to None, run_after=None
[2026-05-20T17:22:38.939+0000] {processor.py:183} INFO - Processing /opt/airflow/dags/rakuten_pipeline.py took 0.094 seconds
[2026-05-20T17:23:09.129+0000] {processor.py:161} INFO - Started process (PID=86) to work on /opt/airflow/dags/rakuten_pipeline.py
[2026-05-20T17:23:09.132+0000] {processor.py:830} INFO - Processing file /opt/airflow/dags/rakuten_pipeline.py for tasks to queue
[2026-05-20T17:23:09.134+0000] {logging_mixin.py:188} INFO - [2026-05-20T17:23:09.134+0000] {dagbag.py:545} INFO - Filling up the DagBag from /opt/airflow/dags/rakuten_pipeline.py
[2026-05-20T17:23:09.145+0000] {processor.py:840} INFO - DAG(s) 'rakuten_mlops_pipeline' retrieved from /opt/airflow/dags/rakuten_pipeline.py
[2026-05-20T17:23:09.171+0000] {logging_mixin.py:188} INFO - [2026-05-20T17:23:09.171+0000] {dag.py:3089} INFO - Sync 1 DAGs
[2026-05-20T17:23:09.185+0000] {logging_mixin.py:188} INFO - [2026-05-20T17:23:09.184+0000] {dag.py:3947} INFO - Setting next_dagrun for rakuten_mlops_pipeline to None, run_after=None
[2026-05-20T17:23:09.214+0000] {processor.py:183} INFO - Processing /opt/airflow/dags/rakuten_pipeline.py took 0.093 seconds
[2026-05-20T17:23:24.082+0000] {processor.py:161} INFO - Started process (PID=51) to work on /opt/airflow/dags/rakuten_pipeline.py
[2026-05-20T17:23:24.083+0000] {processor.py:830} INFO - Processing file /opt/airflow/dags/rakuten_pipeline.py for tasks to queue
[2026-05-20T17:23:24.085+0000] {logging_mixin.py:188} INFO - [2026-05-20T17:23:24.084+0000] {dagbag.py:545} INFO - Filling up the DagBag from /opt/airflow/dags/rakuten_pipeline.py
[2026-05-20T17:23:24.092+0000] {processor.py:840} INFO - DAG(s) 'rakuten_mlops_pipeline' retrieved from /opt/airflow/dags/rakuten_pipeline.py
[2026-05-20T17:23:24.097+0000] {logging_mixin.py:188} INFO - [2026-05-20T17:23:24.097+0000] {dag.py:3089} INFO - Sync 1 DAGs
[2026-05-20T17:23:24.107+0000] {logging_mixin.py:188} INFO - [2026-05-20T17:23:24.107+0000] {dag.py:3947} INFO - Setting next_dagrun for rakuten_mlops_pipeline to None, run_after=None
[2026-05-20T17:23:24.203+0000] {processor.py:183} INFO - Processing /opt/airflow/dags/rakuten_pipeline.py took 0.125 seconds
[2026-05-20T17:23:54.334+0000] {processor.py:161} INFO - Started process (PID=71) to work on /opt/airflow/dags/rakuten_pipeline.py
[2026-05-20T17:23:54.335+0000] {processor.py:830} INFO - Processing file /opt/airflow/dags/rakuten_pipeline.py for tasks to queue
[2026-05-20T17:23:54.337+0000] {logging_mixin.py:188} INFO - [2026-05-20T17:23:54.337+0000] {dagbag.py:545} INFO - Filling up the DagBag from /opt/airflow/dags/rakuten_pipeline.py
[2026-05-20T17:23:54.348+0000] {processor.py:840} INFO - DAG(s) 'rakuten_mlops_pipeline' retrieved from /opt/airflow/dags/rakuten_pipeline.py
[2026-05-20T17:23:54.472+0000] {logging_mixin.py:188} INFO - [2026-05-20T17:23:54.471+0000] {dag.py:3089} INFO - Sync 1 DAGs
[2026-05-20T17:23:54.483+0000] {logging_mixin.py:188} INFO - [2026-05-20T17:23:54.483+0000] {dag.py:3947} INFO - Setting next_dagrun for rakuten_mlops_pipeline to None, run_after=None
[2026-05-20T17:23:54.530+0000] {processor.py:183} INFO - Processing /opt/airflow/dags/rakuten_pipeline.py took 0.201 seconds
