[2026-05-20T16:39:43.050+0000] {manager.py:470} INFO - Processing files using up to 1 processes at a time 
[2026-05-20T16:39:43.051+0000] {manager.py:471} INFO - Process each file at most once every 30 seconds
[2026-05-20T16:39:43.052+0000] {manager.py:472} INFO - Checking for new files in /opt/airflow/dags every 300 seconds
[2026-05-20T16:39:43.052+0000] {manager.py:737} INFO - Searching for files in /opt/airflow/dags
[2026-05-20T16:39:43.055+0000] {manager.py:740} INFO - There are 1 files in /opt/airflow/dags
[2026-05-20T16:39:43.537+0000] {manager.py:878} INFO - 
================================================================================
DAG File Processing Stats

File Path                              PID    Runtime      # DAGs    # Errors  Last Runtime    Last Run
-------------------------------------  -----  ---------  --------  ----------  --------------  -------------------
/opt/airflow/dags/rakuten_pipeline.py                           1           0  0.41s           2026-05-20T16:39:43
================================================================================
[2026-05-20T16:40:13.888+0000] {manager.py:878} INFO - 
================================================================================
DAG File Processing Stats

File Path                              PID    Runtime      # DAGs    # Errors  Last Runtime    Last Run
-------------------------------------  -----  ---------  --------  ----------  --------------  -------------------
/opt/airflow/dags/rakuten_pipeline.py                           1           0  0.21s           2026-05-20T16:40:13
================================================================================
[2026-05-20T16:40:44.407+0000] {manager.py:878} INFO - 
================================================================================
DAG File Processing Stats

File Path                              PID    Runtime      # DAGs    # Errors  Last Runtime    Last Run
-------------------------------------  -----  ---------  --------  ----------  --------------  -------------------
/opt/airflow/dags/rakuten_pipeline.py                           1           0  0.11s           2026-05-20T16:40:44
================================================================================
[2026-05-20T16:41:14.703+0000] {manager.py:878} INFO - 
================================================================================
DAG File Processing Stats

File Path                              PID    Runtime      # DAGs    # Errors  Last Runtime    Last Run
-------------------------------------  -----  ---------  --------  ----------  --------------  -------------------
/opt/airflow/dags/rakuten_pipeline.py                           1           0  0.11s           2026-05-20T16:41:14
================================================================================
[2026-05-20T16:41:44.856+0000] {manager.py:878} INFO - 
================================================================================
DAG File Processing Stats

File Path                              PID    Runtime      # DAGs    # Errors  Last Runtime    Last Run
-------------------------------------  -----  ---------  --------  ----------  --------------  -------------------
/opt/airflow/dags/rakuten_pipeline.py                           1           0  0.11s           2026-05-20T16:41:44
================================================================================
[2026-05-20T16:42:15.021+0000] {manager.py:878} INFO - 
================================================================================
DAG File Processing Stats

File Path                              PID    Runtime      # DAGs    # Errors  Last Runtime    Last Run
-------------------------------------  -----  ---------  --------  ----------  --------------  -------------------
/opt/airflow/dags/rakuten_pipeline.py                           1           0  0.11s           2026-05-20T16:42:15
================================================================================
[2026-05-20T16:42:45.265+0000] {manager.py:878} INFO - 
================================================================================
DAG File Processing Stats

File Path                              PID    Runtime      # DAGs    # Errors  Last Runtime    Last Run
-------------------------------------  -----  ---------  --------  ----------  --------------  -------------------
/opt/airflow/dags/rakuten_pipeline.py                           1           0  0.21s           2026-05-20T16:42:45
================================================================================
[2026-05-20T16:43:16.486+0000] {manager.py:878} INFO - 
================================================================================
DAG File Processing Stats

File Path                              PID    Runtime      # DAGs    # Errors  Last Runtime    Last Run
-------------------------------------  -----  ---------  --------  ----------  --------------  -------------------
/opt/airflow/dags/rakuten_pipeline.py                           1           0  0.21s           2026-05-20T16:43:16
================================================================================
[2026-05-20T16:43:47.164+0000] {manager.py:878} INFO - 
================================================================================
DAG File Processing Stats

File Path                              PID    Runtime      # DAGs    # Errors  Last Runtime    Last Run
-------------------------------------  -----  ---------  --------  ----------  --------------  -------------------
/opt/airflow/dags/rakuten_pipeline.py                           1           0  0.21s           2026-05-20T16:43:47
================================================================================
[2026-05-20T16:44:17.802+0000] {manager.py:878} INFO - 
================================================================================
DAG File Processing Stats

File Path                              PID    Runtime      # DAGs    # Errors  Last Runtime    Last Run
-------------------------------------  -----  ---------  --------  ----------  --------------  -------------------
/opt/airflow/dags/rakuten_pipeline.py                           1           0  0.21s           2026-05-20T16:44:17
================================================================================
[2026-05-20T16:44:43.167+0000] {manager.py:737} INFO - Searching for files in /opt/airflow/dags
[2026-05-20T16:44:43.172+0000] {manager.py:740} INFO - There are 1 files in /opt/airflow/dags
[2026-05-20T16:44:48.477+0000] {manager.py:878} INFO - 
================================================================================
DAG File Processing Stats

File Path                              PID    Runtime      # DAGs    # Errors  Last Runtime    Last Run
-------------------------------------  -----  ---------  --------  ----------  --------------  -------------------
/opt/airflow/dags/rakuten_pipeline.py                           1           0  0.21s           2026-05-20T16:44:48
================================================================================
[2026-05-20T16:45:19.163+0000] {manager.py:878} INFO - 
================================================================================
DAG File Processing Stats

File Path                              PID    Runtime      # DAGs    # Errors  Last Runtime    Last Run
-------------------------------------  -----  ---------  --------  ----------  --------------  -------------------
/opt/airflow/dags/rakuten_pipeline.py                           1           0  0.21s           2026-05-20T16:45:19
================================================================================
[2026-05-20T16:45:49.843+0000] {manager.py:878} INFO - 
================================================================================
DAG File Processing Stats

File Path                              PID    Runtime      # DAGs    # Errors  Last Runtime    Last Run
-------------------------------------  -----  ---------  --------  ----------  --------------  -------------------
/opt/airflow/dags/rakuten_pipeline.py                           1           0  0.21s           2026-05-20T16:45:49
================================================================================
[2026-05-20T16:46:20.508+0000] {manager.py:878} INFO - 
================================================================================
DAG File Processing Stats

File Path                              PID    Runtime      # DAGs    # Errors  Last Runtime    Last Run
-------------------------------------  -----  ---------  --------  ----------  --------------  -------------------
/opt/airflow/dags/rakuten_pipeline.py                           1           0  0.21s           2026-05-20T16:46:20
================================================================================
[2026-05-20T16:46:51.150+0000] {manager.py:878} INFO - 
================================================================================
DAG File Processing Stats

File Path                              PID    Runtime      # DAGs    # Errors  Last Runtime    Last Run
-------------------------------------  -----  ---------  --------  ----------  --------------  -------------------
/opt/airflow/dags/rakuten_pipeline.py                           1           0  0.21s           2026-05-20T16:46:51
================================================================================
[2026-05-20T16:47:21.803+0000] {manager.py:878} INFO - 
================================================================================
DAG File Processing Stats

File Path                              PID    Runtime      # DAGs    # Errors  Last Runtime    Last Run
-------------------------------------  -----  ---------  --------  ----------  --------------  -------------------
/opt/airflow/dags/rakuten_pipeline.py                           1           0  0.21s           2026-05-20T16:47:21
================================================================================
[2026-05-20T16:47:52.424+0000] {manager.py:878} INFO - 
================================================================================
DAG File Processing Stats

File Path                              PID    Runtime      # DAGs    # Errors  Last Runtime    Last Run
-------------------------------------  -----  ---------  --------  ----------  --------------  -------------------
/opt/airflow/dags/rakuten_pipeline.py                           1           0  0.21s           2026-05-20T16:47:52
================================================================================
[2026-05-20T16:48:23.055+0000] {manager.py:878} INFO - 
================================================================================
DAG File Processing Stats

File Path                              PID    Runtime      # DAGs    # Errors  Last Runtime    Last Run
-------------------------------------  -----  ---------  --------  ----------  --------------  -------------------
/opt/airflow/dags/rakuten_pipeline.py                           1           0  0.21s           2026-05-20T16:48:23
================================================================================
[2026-05-20T16:48:53.708+0000] {manager.py:878} INFO - 
================================================================================
DAG File Processing Stats

File Path                              PID    Runtime      # DAGs    # Errors  Last Runtime    Last Run
-------------------------------------  -----  ---------  --------  ----------  --------------  -------------------
/opt/airflow/dags/rakuten_pipeline.py                           1           0  0.21s           2026-05-20T16:48:53
================================================================================
[2026-05-20T16:49:24.423+0000] {manager.py:878} INFO - 
================================================================================
DAG File Processing Stats

File Path                              PID    Runtime      # DAGs    # Errors  Last Runtime    Last Run
-------------------------------------  -----  ---------  --------  ----------  --------------  -------------------
/opt/airflow/dags/rakuten_pipeline.py                           1           0  0.21s           2026-05-20T16:49:24
================================================================================
[2026-05-20T16:49:43.267+0000] {manager.py:737} INFO - Searching for files in /opt/airflow/dags
[2026-05-20T16:49:43.273+0000] {manager.py:740} INFO - There are 1 files in /opt/airflow/dags
[2026-05-20T16:49:55.314+0000] {manager.py:878} INFO - 
================================================================================
DAG File Processing Stats

File Path                              PID    Runtime      # DAGs    # Errors  Last Runtime    Last Run
-------------------------------------  -----  ---------  --------  ----------  --------------  -------------------
/opt/airflow/dags/rakuten_pipeline.py                           1           0  0.21s           2026-05-20T16:49:55
================================================================================
[2026-05-20T16:50:26.314+0000] {manager.py:878} INFO - 
================================================================================
DAG File Processing Stats

File Path                              PID    Runtime      # DAGs    # Errors  Last Runtime    Last Run
-------------------------------------  -----  ---------  --------  ----------  --------------  -------------------
/opt/airflow/dags/rakuten_pipeline.py                           1           0  0.21s           2026-05-20T16:50:26
================================================================================
[2026-05-20T16:50:56.920+0000] {manager.py:878} INFO - 
================================================================================
DAG File Processing Stats

File Path                              PID    Runtime      # DAGs    # Errors  Last Runtime    Last Run
-------------------------------------  -----  ---------  --------  ----------  --------------  -------------------
/opt/airflow/dags/rakuten_pipeline.py                           1           0  0.21s           2026-05-20T16:50:56
================================================================================
[2026-05-20T16:51:27.210+0000] {manager.py:878} INFO - 
================================================================================
DAG File Processing Stats

File Path                              PID    Runtime      # DAGs    # Errors  Last Runtime    Last Run
-------------------------------------  -----  ---------  --------  ----------  --------------  -------------------
/opt/airflow/dags/rakuten_pipeline.py                           1           0  0.10s           2026-05-20T16:51:27
================================================================================
[2026-05-20T16:51:57.584+0000] {manager.py:878} INFO - 
================================================================================
DAG File Processing Stats

File Path                              PID    Runtime      # DAGs    # Errors  Last Runtime    Last Run
-------------------------------------  -----  ---------  --------  ----------  --------------  -------------------
/opt/airflow/dags/rakuten_pipeline.py                           1           0  0.21s           2026-05-20T16:51:57
================================================================================
[2026-05-20T16:52:27.955+0000] {manager.py:878} INFO - 
================================================================================
DAG File Processing Stats

File Path                              PID    Runtime      # DAGs    # Errors  Last Runtime    Last Run
-------------------------------------  -----  ---------  --------  ----------  --------------  -------------------
/opt/airflow/dags/rakuten_pipeline.py                           1           0  0.21s           2026-05-20T16:52:27
================================================================================
[2026-05-20T16:52:58.233+0000] {manager.py:878} INFO - 
================================================================================
DAG File Processing Stats

File Path                              PID    Runtime      # DAGs    # Errors  Last Runtime    Last Run
-------------------------------------  -----  ---------  --------  ----------  --------------  -------------------
/opt/airflow/dags/rakuten_pipeline.py                           1           0  0.11s           2026-05-20T16:52:58
================================================================================
[2026-05-20T16:53:28.610+0000] {manager.py:878} INFO - 
================================================================================
DAG File Processing Stats

File Path                              PID    Runtime      # DAGs    # Errors  Last Runtime    Last Run
-------------------------------------  -----  ---------  --------  ----------  --------------  -------------------
/opt/airflow/dags/rakuten_pipeline.py                           1           0  0.21s           2026-05-20T16:53:28
================================================================================
[2026-05-20T16:53:58.989+0000] {manager.py:878} INFO - 
================================================================================
DAG File Processing Stats

File Path                              PID    Runtime      # DAGs    # Errors  Last Runtime    Last Run
-------------------------------------  -----  ---------  --------  ----------  --------------  -------------------
/opt/airflow/dags/rakuten_pipeline.py                           1           0  0.21s           2026-05-20T16:53:58
================================================================================
[2026-05-20T16:54:29.225+0000] {manager.py:878} INFO - 
================================================================================
DAG File Processing Stats

File Path                              PID    Runtime      # DAGs    # Errors  Last Runtime    Last Run
-------------------------------------  -----  ---------  --------  ----------  --------------  -------------------
/opt/airflow/dags/rakuten_pipeline.py                           1           0  0.21s           2026-05-20T16:54:29
================================================================================
[2026-05-20T16:54:43.753+0000] {manager.py:737} INFO - Searching for files in /opt/airflow/dags
[2026-05-20T16:54:43.757+0000] {manager.py:740} INFO - There are 1 files in /opt/airflow/dags
[2026-05-20T16:54:59.605+0000] {manager.py:878} INFO - 
================================================================================
DAG File Processing Stats

File Path                              PID    Runtime      # DAGs    # Errors  Last Runtime    Last Run
-------------------------------------  -----  ---------  --------  ----------  --------------  -------------------
/opt/airflow/dags/rakuten_pipeline.py                           1           0  0.21s           2026-05-20T16:54:59
================================================================================
[2026-05-20T16:55:29.984+0000] {manager.py:878} INFO - 
================================================================================
DAG File Processing Stats

File Path                              PID    Runtime      # DAGs    # Errors  Last Runtime    Last Run
-------------------------------------  -----  ---------  --------  ----------  --------------  -------------------
/opt/airflow/dags/rakuten_pipeline.py                           1           0  0.21s           2026-05-20T16:55:29
================================================================================
[2026-05-20T16:56:00.371+0000] {manager.py:878} INFO - 
================================================================================
DAG File Processing Stats

File Path                              PID    Runtime      # DAGs    # Errors  Last Runtime    Last Run
-------------------------------------  -----  ---------  --------  ----------  --------------  -------------------
/opt/airflow/dags/rakuten_pipeline.py                           1           0  0.21s           2026-05-20T16:56:00
================================================================================
[2026-05-20T16:56:30.751+0000] {manager.py:878} INFO - 
================================================================================
DAG File Processing Stats

File Path                              PID    Runtime      # DAGs    # Errors  Last Runtime    Last Run
-------------------------------------  -----  ---------  --------  ----------  --------------  -------------------
/opt/airflow/dags/rakuten_pipeline.py                           1           0  0.21s           2026-05-20T16:56:30
================================================================================
[2026-05-20T16:57:01.137+0000] {manager.py:878} INFO - 
================================================================================
DAG File Processing Stats

File Path                              PID    Runtime      # DAGs    # Errors  Last Runtime    Last Run
-------------------------------------  -----  ---------  --------  ----------  --------------  -------------------
/opt/airflow/dags/rakuten_pipeline.py                           1           0  0.21s           2026-05-20T16:57:01
================================================================================
[2026-05-20T16:57:31.520+0000] {manager.py:878} INFO - 
================================================================================
DAG File Processing Stats

File Path                              PID    Runtime      # DAGs    # Errors  Last Runtime    Last Run
-------------------------------------  -----  ---------  --------  ----------  --------------  -------------------
/opt/airflow/dags/rakuten_pipeline.py                           1           0  0.21s           2026-05-20T16:57:31
================================================================================
[2026-05-20T16:58:01.904+0000] {manager.py:878} INFO - 
================================================================================
DAG File Processing Stats

File Path                              PID    Runtime      # DAGs    # Errors  Last Runtime    Last Run
-------------------------------------  -----  ---------  --------  ----------  --------------  -------------------
/opt/airflow/dags/rakuten_pipeline.py                           1           0  0.21s           2026-05-20T16:58:01
================================================================================
[2026-05-20T16:58:32.131+0000] {manager.py:878} INFO - 
================================================================================
DAG File Processing Stats

File Path                              PID    Runtime      # DAGs    # Errors  Last Runtime    Last Run
-------------------------------------  -----  ---------  --------  ----------  --------------  -------------------
/opt/airflow/dags/rakuten_pipeline.py                           1           0  0.11s           2026-05-20T16:58:32
================================================================================
[2026-05-20T16:59:02.413+0000] {manager.py:878} INFO - 
================================================================================
DAG File Processing Stats

File Path                              PID    Runtime      # DAGs    # Errors  Last Runtime    Last Run
-------------------------------------  -----  ---------  --------  ----------  --------------  -------------------
/opt/airflow/dags/rakuten_pipeline.py                           1           0  0.21s           2026-05-20T16:59:02
================================================================================
[2026-05-20T16:59:32.732+0000] {manager.py:878} INFO - 
================================================================================
DAG File Processing Stats

File Path                              PID    Runtime      # DAGs    # Errors  Last Runtime    Last Run
-------------------------------------  -----  ---------  --------  ----------  --------------  -------------------
/opt/airflow/dags/rakuten_pipeline.py                           1           0  0.21s           2026-05-20T16:59:32
================================================================================
[2026-05-20T16:59:44.040+0000] {manager.py:737} INFO - Searching for files in /opt/airflow/dags
[2026-05-20T16:59:44.046+0000] {manager.py:740} INFO - There are 1 files in /opt/airflow/dags
[2026-05-20T17:00:03.048+0000] {manager.py:878} INFO - 
================================================================================
DAG File Processing Stats

File Path                              PID    Runtime      # DAGs    # Errors  Last Runtime    Last Run
-------------------------------------  -----  ---------  --------  ----------  --------------  -------------------
/opt/airflow/dags/rakuten_pipeline.py                           1           0  0.21s           2026-05-20T17:00:03
================================================================================
[2026-05-20T17:00:33.376+0000] {manager.py:878} INFO - 
================================================================================
DAG File Processing Stats

File Path                              PID    Runtime      # DAGs    # Errors  Last Runtime    Last Run
-------------------------------------  -----  ---------  --------  ----------  --------------  -------------------
/opt/airflow/dags/rakuten_pipeline.py                           1           0  0.21s           2026-05-20T17:00:33
================================================================================
[2026-05-20T17:01:03.598+0000] {manager.py:878} INFO - 
================================================================================
DAG File Processing Stats

File Path                              PID    Runtime      # DAGs    # Errors  Last Runtime    Last Run
-------------------------------------  -----  ---------  --------  ----------  --------------  -------------------
/opt/airflow/dags/rakuten_pipeline.py                           1           0  0.11s           2026-05-20T17:01:03
================================================================================
[2026-05-20T17:01:33.917+0000] {manager.py:878} INFO - 
================================================================================
DAG File Processing Stats

File Path                              PID    Runtime      # DAGs    # Errors  Last Runtime    Last Run
-------------------------------------  -----  ---------  --------  ----------  --------------  -------------------
/opt/airflow/dags/rakuten_pipeline.py                           1           0  0.21s           2026-05-20T17:01:33
================================================================================
[2026-05-20T17:02:04.241+0000] {manager.py:878} INFO - 
================================================================================
DAG File Processing Stats

File Path                              PID    Runtime      # DAGs    # Errors  Last Runtime    Last Run
-------------------------------------  -----  ---------  --------  ----------  --------------  -------------------
/opt/airflow/dags/rakuten_pipeline.py                           1           0  0.21s           2026-05-20T17:02:04
================================================================================
[2026-05-20T17:02:34.558+0000] {manager.py:878} INFO - 
================================================================================
DAG File Processing Stats

File Path                              PID    Runtime      # DAGs    # Errors  Last Runtime    Last Run
-------------------------------------  -----  ---------  --------  ----------  --------------  -------------------
/opt/airflow/dags/rakuten_pipeline.py                           1           0  0.21s           2026-05-20T17:02:34
================================================================================
[2026-05-20T17:03:04.784+0000] {manager.py:878} INFO - 
================================================================================
DAG File Processing Stats

File Path                              PID    Runtime      # DAGs    # Errors  Last Runtime    Last Run
-------------------------------------  -----  ---------  --------  ----------  --------------  -------------------
/opt/airflow/dags/rakuten_pipeline.py                           1           0  0.11s           2026-05-20T17:03:04
================================================================================
[2026-05-20T17:03:35.099+0000] {manager.py:878} INFO - 
================================================================================
DAG File Processing Stats

File Path                              PID    Runtime      # DAGs    # Errors  Last Runtime    Last Run
-------------------------------------  -----  ---------  --------  ----------  --------------  -------------------
/opt/airflow/dags/rakuten_pipeline.py                           1           0  0.21s           2026-05-20T17:03:35
================================================================================
[2026-05-20T17:04:05.424+0000] {manager.py:878} INFO - 
================================================================================
DAG File Processing Stats

File Path                              PID    Runtime      # DAGs    # Errors  Last Runtime    Last Run
-------------------------------------  -----  ---------  --------  ----------  --------------  -------------------
/opt/airflow/dags/rakuten_pipeline.py                           1           0  0.21s           2026-05-20T17:04:05
================================================================================
[2026-05-20T17:04:35.748+0000] {manager.py:878} INFO - 
================================================================================
DAG File Processing Stats

File Path                              PID    Runtime      # DAGs    # Errors  Last Runtime    Last Run
-------------------------------------  -----  ---------  --------  ----------  --------------  -------------------
/opt/airflow/dags/rakuten_pipeline.py                           1           0  0.21s           2026-05-20T17:04:35
================================================================================
[2026-05-20T17:04:44.345+0000] {manager.py:737} INFO - Searching for files in /opt/airflow/dags
[2026-05-20T17:04:44.350+0000] {manager.py:740} INFO - There are 1 files in /opt/airflow/dags
[2026-05-20T17:05:06.076+0000] {manager.py:878} INFO - 
================================================================================
DAG File Processing Stats

File Path                              PID    Runtime      # DAGs    # Errors  Last Runtime    Last Run
-------------------------------------  -----  ---------  --------  ----------  --------------  -------------------
/opt/airflow/dags/rakuten_pipeline.py                           1           0  0.21s           2026-05-20T17:05:06
================================================================================
[2026-05-20T17:05:36.394+0000] {manager.py:878} INFO - 
================================================================================
DAG File Processing Stats

File Path                              PID    Runtime      # DAGs    # Errors  Last Runtime    Last Run
-------------------------------------  -----  ---------  --------  ----------  --------------  -------------------
/opt/airflow/dags/rakuten_pipeline.py                           1           0  0.21s           2026-05-20T17:05:36
================================================================================
[2026-05-20T17:06:06.715+0000] {manager.py:878} INFO - 
================================================================================
DAG File Processing Stats

File Path                              PID    Runtime      # DAGs    # Errors  Last Runtime    Last Run
-------------------------------------  -----  ---------  --------  ----------  --------------  -------------------
/opt/airflow/dags/rakuten_pipeline.py                           1           0  0.21s           2026-05-20T17:06:06
================================================================================
[2026-05-20T17:06:37.036+0000] {manager.py:878} INFO - 
================================================================================
DAG File Processing Stats

File Path                              PID    Runtime      # DAGs    # Errors  Last Runtime    Last Run
-------------------------------------  -----  ---------  --------  ----------  --------------  -------------------
/opt/airflow/dags/rakuten_pipeline.py                           1           0  0.21s           2026-05-20T17:06:37
================================================================================
[2026-05-20T17:07:07.367+0000] {manager.py:878} INFO - 
================================================================================
DAG File Processing Stats

File Path                              PID    Runtime      # DAGs    # Errors  Last Runtime    Last Run
-------------------------------------  -----  ---------  --------  ----------  --------------  -------------------
/opt/airflow/dags/rakuten_pipeline.py                           1           0  0.21s           2026-05-20T17:07:07
================================================================================
[2026-05-20T17:07:37.689+0000] {manager.py:878} INFO - 
================================================================================
DAG File Processing Stats

File Path                              PID    Runtime      # DAGs    # Errors  Last Runtime    Last Run
-------------------------------------  -----  ---------  --------  ----------  --------------  -------------------
/opt/airflow/dags/rakuten_pipeline.py                           1           0  0.21s           2026-05-20T17:07:37
================================================================================
[2026-05-20T17:08:07.911+0000] {manager.py:878} INFO - 
================================================================================
DAG File Processing Stats

File Path                              PID    Runtime      # DAGs    # Errors  Last Runtime    Last Run
-------------------------------------  -----  ---------  --------  ----------  --------------  -------------------
/opt/airflow/dags/rakuten_pipeline.py                           1           0  0.11s           2026-05-20T17:08:07
================================================================================
[2026-05-20T17:08:38.229+0000] {manager.py:878} INFO - 
================================================================================
DAG File Processing Stats

File Path                              PID    Runtime      # DAGs    # Errors  Last Runtime    Last Run
-------------------------------------  -----  ---------  --------  ----------  --------------  -------------------
/opt/airflow/dags/rakuten_pipeline.py                           1           0  0.21s           2026-05-20T17:08:38
================================================================================
[2026-05-20T17:09:08.550+0000] {manager.py:878} INFO - 
================================================================================
DAG File Processing Stats

File Path                              PID    Runtime      # DAGs    # Errors  Last Runtime    Last Run
-------------------------------------  -----  ---------  --------  ----------  --------------  -------------------
/opt/airflow/dags/rakuten_pipeline.py                           1           0  0.21s           2026-05-20T17:09:08
================================================================================
[2026-05-20T17:09:38.873+0000] {manager.py:878} INFO - 
================================================================================
DAG File Processing Stats

File Path                              PID    Runtime      # DAGs    # Errors  Last Runtime    Last Run
-------------------------------------  -----  ---------  --------  ----------  --------------  -------------------
/opt/airflow/dags/rakuten_pipeline.py                           1           0  0.21s           2026-05-20T17:09:38
================================================================================
[2026-05-20T17:09:44.643+0000] {manager.py:737} INFO - Searching for files in /opt/airflow/dags
[2026-05-20T17:09:44.649+0000] {manager.py:740} INFO - There are 1 files in /opt/airflow/dags
[2026-05-20T17:10:09.130+0000] {manager.py:878} INFO - 
================================================================================
DAG File Processing Stats

File Path                              PID    Runtime      # DAGs    # Errors  Last Runtime    Last Run
-------------------------------------  -----  ---------  --------  ----------  --------------  -------------------
/opt/airflow/dags/rakuten_pipeline.py                           1           0  0.21s           2026-05-20T17:10:09
================================================================================
[2026-05-20T17:10:39.403+0000] {manager.py:878} INFO - 
================================================================================
DAG File Processing Stats

File Path                              PID    Runtime      # DAGs    # Errors  Last Runtime    Last Run
-------------------------------------  -----  ---------  --------  ----------  --------------  -------------------
/opt/airflow/dags/rakuten_pipeline.py                           1           0  0.21s           2026-05-20T17:10:39
================================================================================
[2026-05-20T17:11:09.731+0000] {manager.py:878} INFO - 
================================================================================
DAG File Processing Stats

File Path                              PID    Runtime      # DAGs    # Errors  Last Runtime    Last Run
-------------------------------------  -----  ---------  --------  ----------  --------------  -------------------
/opt/airflow/dags/rakuten_pipeline.py                           1           0  0.21s           2026-05-20T17:11:09
================================================================================
[2026-05-20T17:11:40.061+0000] {manager.py:878} INFO - 
================================================================================
DAG File Processing Stats

File Path                              PID    Runtime      # DAGs    # Errors  Last Runtime    Last Run
-------------------------------------  -----  ---------  --------  ----------  --------------  -------------------
/opt/airflow/dags/rakuten_pipeline.py                           1           0  0.21s           2026-05-20T17:11:40
================================================================================
[2026-05-20T17:12:10.381+0000] {manager.py:878} INFO - 
================================================================================
DAG File Processing Stats

File Path                              PID    Runtime      # DAGs    # Errors  Last Runtime    Last Run
-------------------------------------  -----  ---------  --------  ----------  --------------  -------------------
/opt/airflow/dags/rakuten_pipeline.py                           1           0  0.21s           2026-05-20T17:12:10
================================================================================
[2026-05-20T17:12:40.705+0000] {manager.py:878} INFO - 
================================================================================
DAG File Processing Stats

File Path                              PID    Runtime      # DAGs    # Errors  Last Runtime    Last Run
-------------------------------------  -----  ---------  --------  ----------  --------------  -------------------
/opt/airflow/dags/rakuten_pipeline.py                           1           0  0.21s           2026-05-20T17:12:40
================================================================================
[2026-05-20T17:13:11.032+0000] {manager.py:878} INFO - 
================================================================================
DAG File Processing Stats

File Path                              PID    Runtime      # DAGs    # Errors  Last Runtime    Last Run
-------------------------------------  -----  ---------  --------  ----------  --------------  -------------------
/opt/airflow/dags/rakuten_pipeline.py                           1           0  0.21s           2026-05-20T17:13:11
================================================================================
[2026-05-20T17:13:41.359+0000] {manager.py:878} INFO - 
================================================================================
DAG File Processing Stats

File Path                              PID    Runtime      # DAGs    # Errors  Last Runtime    Last Run
-------------------------------------  -----  ---------  --------  ----------  --------------  -------------------
/opt/airflow/dags/rakuten_pipeline.py                           1           0  0.21s           2026-05-20T17:13:41
================================================================================
[2026-05-20T17:14:11.666+0000] {manager.py:878} INFO - 
================================================================================
DAG File Processing Stats

File Path                              PID    Runtime      # DAGs    # Errors  Last Runtime    Last Run
-------------------------------------  -----  ---------  --------  ----------  --------------  -------------------
/opt/airflow/dags/rakuten_pipeline.py                           1           0  0.21s           2026-05-20T17:14:11
================================================================================
[2026-05-20T17:14:42.007+0000] {manager.py:878} INFO - 
================================================================================
DAG File Processing Stats

File Path                              PID    Runtime      # DAGs    # Errors  Last Runtime    Last Run
-------------------------------------  -----  ---------  --------  ----------  --------------  -------------------
/opt/airflow/dags/rakuten_pipeline.py                           1           0  0.21s           2026-05-20T17:14:42
================================================================================
[2026-05-20T17:14:44.955+0000] {manager.py:737} INFO - Searching for files in /opt/airflow/dags
[2026-05-20T17:14:44.960+0000] {manager.py:740} INFO - There are 1 files in /opt/airflow/dags
[2026-05-20T17:15:12.345+0000] {manager.py:878} INFO - 
================================================================================
DAG File Processing Stats

File Path                              PID    Runtime      # DAGs    # Errors  Last Runtime    Last Run
-------------------------------------  -----  ---------  --------  ----------  --------------  -------------------
/opt/airflow/dags/rakuten_pipeline.py                           1           0  0.21s           2026-05-20T17:15:12
================================================================================
[2026-05-20T17:15:42.666+0000] {manager.py:878} INFO - 
================================================================================
DAG File Processing Stats

File Path                              PID    Runtime      # DAGs    # Errors  Last Runtime    Last Run
-------------------------------------  -----  ---------  --------  ----------  --------------  -------------------
/opt/airflow/dags/rakuten_pipeline.py                           1           0  0.21s           2026-05-20T17:15:42
================================================================================
[2026-05-20T17:16:12.888+0000] {manager.py:878} INFO - 
================================================================================
DAG File Processing Stats

File Path                              PID    Runtime      # DAGs    # Errors  Last Runtime    Last Run
-------------------------------------  -----  ---------  --------  ----------  --------------  -------------------
/opt/airflow/dags/rakuten_pipeline.py                           1           0  0.11s           2026-05-20T17:16:12
================================================================================
[2026-05-20T17:16:43.104+0000] {manager.py:878} INFO - 
================================================================================
DAG File Processing Stats

File Path                              PID    Runtime      # DAGs    # Errors  Last Runtime    Last Run
-------------------------------------  -----  ---------  --------  ----------  --------------  -------------------
/opt/airflow/dags/rakuten_pipeline.py                           1           0  0.11s           2026-05-20T17:16:43
================================================================================
[2026-05-20T17:17:13.417+0000] {manager.py:878} INFO - 
================================================================================
DAG File Processing Stats

File Path                              PID    Runtime      # DAGs    # Errors  Last Runtime    Last Run
-------------------------------------  -----  ---------  --------  ----------  --------------  -------------------
/opt/airflow/dags/rakuten_pipeline.py                           1           0  0.21s           2026-05-20T17:17:13
================================================================================
[2026-05-20T17:17:43.624+0000] {manager.py:878} INFO - 
================================================================================
DAG File Processing Stats

File Path                              PID    Runtime      # DAGs    # Errors  Last Runtime    Last Run
-------------------------------------  -----  ---------  --------  ----------  --------------  -------------------
/opt/airflow/dags/rakuten_pipeline.py                           1           0  0.11s           2026-05-20T17:17:43
================================================================================
[2026-05-20T17:18:13.846+0000] {manager.py:878} INFO - 
================================================================================
DAG File Processing Stats

File Path                              PID    Runtime      # DAGs    # Errors  Last Runtime    Last Run
-------------------------------------  -----  ---------  --------  ----------  --------------  -------------------
/opt/airflow/dags/rakuten_pipeline.py                           1           0  0.11s           2026-05-20T17:18:13
================================================================================
[2026-05-20T17:18:44.161+0000] {manager.py:878} INFO - 
================================================================================
DAG File Processing Stats

File Path                              PID    Runtime      # DAGs    # Errors  Last Runtime    Last Run
-------------------------------------  -----  ---------  --------  ----------  --------------  -------------------
/opt/airflow/dags/rakuten_pipeline.py                           1           0  0.21s           2026-05-20T17:18:44
================================================================================
[2026-05-20T17:19:36.041+0000] {manager.py:470} INFO - Processing files using up to 1 processes at a time 
[2026-05-20T17:19:36.041+0000] {manager.py:471} INFO - Process each file at most once every 30 seconds
[2026-05-20T17:19:36.042+0000] {manager.py:472} INFO - Checking for new files in /opt/airflow/dags every 300 seconds
[2026-05-20T17:19:36.042+0000] {manager.py:737} INFO - Searching for files in /opt/airflow/dags
[2026-05-20T17:19:36.046+0000] {manager.py:740} INFO - There are 1 files in /opt/airflow/dags
[2026-05-20T17:19:37.246+0000] {manager.py:878} INFO - 
================================================================================
DAG File Processing Stats

File Path                              PID    Runtime      # DAGs    # Errors  Last Runtime    Last Run
-------------------------------------  -----  ---------  --------  ----------  --------------  -------------------
/opt/airflow/dags/rakuten_pipeline.py                           1           0  1.11s           2026-05-20T17:19:37
================================================================================
[2026-05-20T17:20:07.486+0000] {manager.py:878} INFO - 
================================================================================
DAG File Processing Stats

File Path                              PID    Runtime      # DAGs    # Errors  Last Runtime    Last Run
-------------------------------------  -----  ---------  --------  ----------  --------------  -------------------
/opt/airflow/dags/rakuten_pipeline.py                           1           0  0.21s           2026-05-20T17:20:07
================================================================================
[2026-05-20T17:20:37.953+0000] {manager.py:878} INFO - 
================================================================================
DAG File Processing Stats

File Path                              PID    Runtime      # DAGs    # Errors  Last Runtime    Last Run
-------------------------------------  -----  ---------  --------  ----------  --------------  -------------------
/opt/airflow/dags/rakuten_pipeline.py                           1           0  0.21s           2026-05-20T17:20:37
================================================================================
[2026-05-20T17:21:08.307+0000] {manager.py:878} INFO - 
================================================================================
DAG File Processing Stats

File Path                              PID    Runtime      # DAGs    # Errors  Last Runtime    Last Run
-------------------------------------  -----  ---------  --------  ----------  --------------  -------------------
/opt/airflow/dags/rakuten_pipeline.py                           1           0  0.21s           2026-05-20T17:21:08
================================================================================
[2026-05-20T17:21:38.570+0000] {manager.py:878} INFO - 
================================================================================
DAG File Processing Stats

File Path                              PID    Runtime      # DAGs    # Errors  Last Runtime    Last Run
-------------------------------------  -----  ---------  --------  ----------  --------------  -------------------
/opt/airflow/dags/rakuten_pipeline.py                           1           0  0.11s           2026-05-20T17:21:38
================================================================================
[2026-05-20T17:22:08.822+0000] {manager.py:878} INFO - 
================================================================================
DAG File Processing Stats

File Path                              PID    Runtime      # DAGs    # Errors  Last Runtime    Last Run
-------------------------------------  -----  ---------  --------  ----------  --------------  -------------------
/opt/airflow/dags/rakuten_pipeline.py                           1           0  0.11s           2026-05-20T17:22:08
================================================================================
[2026-05-20T17:22:38.947+0000] {manager.py:878} INFO - 
================================================================================
DAG File Processing Stats

File Path                              PID    Runtime      # DAGs    # Errors  Last Runtime    Last Run
-------------------------------------  -----  ---------  --------  ----------  --------------  -------------------
/opt/airflow/dags/rakuten_pipeline.py                           1           0  0.11s           2026-05-20T17:22:38
================================================================================
[2026-05-20T17:23:09.222+0000] {manager.py:878} INFO - 
================================================================================
DAG File Processing Stats

File Path                              PID    Runtime      # DAGs    # Errors  Last Runtime    Last Run
-------------------------------------  -----  ---------  --------  ----------  --------------  -------------------
/opt/airflow/dags/rakuten_pipeline.py                           1           0  0.11s           2026-05-20T17:23:09
================================================================================
[2026-05-20T17:23:24.023+0000] {manager.py:470} INFO - Processing files using up to 1 processes at a time 
[2026-05-20T17:23:24.023+0000] {manager.py:471} INFO - Process each file at most once every 30 seconds
[2026-05-20T17:23:24.024+0000] {manager.py:472} INFO - Checking for new files in /opt/airflow/dags every 300 seconds
[2026-05-20T17:23:24.024+0000] {manager.py:737} INFO - Searching for files in /opt/airflow/dags
[2026-05-20T17:23:24.027+0000] {manager.py:740} INFO - There are 1 files in /opt/airflow/dags
[2026-05-20T17:23:24.278+0000] {manager.py:878} INFO - 
================================================================================
DAG File Processing Stats

File Path                              PID    Runtime      # DAGs    # Errors  Last Runtime    Last Run
-------------------------------------  -----  ---------  --------  ----------  --------------  -------------------
/opt/airflow/dags/rakuten_pipeline.py                           1           0  0.20s           2026-05-20T17:23:24
================================================================================
[2026-05-20T17:23:54.628+0000] {manager.py:878} INFO - 
================================================================================
DAG File Processing Stats

File Path                              PID    Runtime      # DAGs    # Errors  Last Runtime    Last Run
-------------------------------------  -----  ---------  --------  ----------  --------------  -------------------
/opt/airflow/dags/rakuten_pipeline.py                           1           0  0.31s           2026-05-20T17:23:54
================================================================================
[2026-05-20T17:24:23.124+0000] {manager.py:452} INFO - Exiting gracefully upon receiving signal 15
[2026-05-21T05:55:51.692+0000] {manager.py:470} INFO - Processing files using up to 1 processes at a time 
[2026-05-21T05:55:51.692+0000] {manager.py:471} INFO - Process each file at most once every 30 seconds
[2026-05-21T05:55:51.693+0000] {manager.py:472} INFO - Checking for new files in /opt/airflow/dags every 300 seconds
[2026-05-21T05:55:51.693+0000] {manager.py:737} INFO - Searching for files in /opt/airflow/dags
[2026-05-21T05:55:51.696+0000] {manager.py:740} INFO - There are 1 files in /opt/airflow/dags
[2026-05-21T05:55:51.943+0000] {manager.py:878} INFO - 
================================================================================
DAG File Processing Stats

File Path                              PID    Runtime      # DAGs    # Errors  Last Runtime    Last Run
-------------------------------------  -----  ---------  --------  ----------  --------------  -------------------
/opt/airflow/dags/rakuten_pipeline.py                           1           0  0.20s           2026-05-21T05:55:51
================================================================================
[2026-05-21T05:56:22.960+0000] {manager.py:878} INFO - 
================================================================================
DAG File Processing Stats

File Path                              PID    Runtime      # DAGs    # Errors  Last Runtime    Last Run
-------------------------------------  -----  ---------  --------  ----------  --------------  -------------------
/opt/airflow/dags/rakuten_pipeline.py                           1           0  0.11s           2026-05-21T05:56:22
================================================================================
[2026-05-21T05:56:53.111+0000] {manager.py:878} INFO - 
================================================================================
DAG File Processing Stats

File Path                              PID    Runtime      # DAGs    # Errors  Last Runtime    Last Run
-------------------------------------  -----  ---------  --------  ----------  --------------  -------------------
/opt/airflow/dags/rakuten_pipeline.py                           1           0  0.11s           2026-05-21T05:56:53
================================================================================
[2026-05-21T05:57:23.264+0000] {manager.py:878} INFO - 
================================================================================
DAG File Processing Stats

File Path                              PID    Runtime      # DAGs    # Errors  Last Runtime    Last Run
-------------------------------------  -----  ---------  --------  ----------  --------------  -------------------
/opt/airflow/dags/rakuten_pipeline.py                           1           0  0.11s           2026-05-21T05:57:23
================================================================================
[2026-05-21T05:57:53.412+0000] {manager.py:878} INFO - 
================================================================================
DAG File Processing Stats

File Path                              PID    Runtime      # DAGs    # Errors  Last Runtime    Last Run
-------------------------------------  -----  ---------  --------  ----------  --------------  -------------------
/opt/airflow/dags/rakuten_pipeline.py                           1           0  0.10s           2026-05-21T05:57:53
================================================================================
[2026-05-21T05:58:23.565+0000] {manager.py:878} INFO - 
================================================================================
DAG File Processing Stats

File Path                              PID    Runtime      # DAGs    # Errors  Last Runtime    Last Run
-------------------------------------  -----  ---------  --------  ----------  --------------  -------------------
/opt/airflow/dags/rakuten_pipeline.py                           1           0  0.11s           2026-05-21T05:58:23
================================================================================
[2026-05-21T05:58:53.700+0000] {manager.py:878} INFO - 
================================================================================
DAG File Processing Stats

File Path                              PID    Runtime      # DAGs    # Errors  Last Runtime    Last Run
-------------------------------------  -----  ---------  --------  ----------  --------------  -------------------
/opt/airflow/dags/rakuten_pipeline.py                           1           0  0.11s           2026-05-21T05:58:53
================================================================================
[2026-05-21T05:59:23.849+0000] {manager.py:878} INFO - 
================================================================================
DAG File Processing Stats

File Path                              PID    Runtime      # DAGs    # Errors  Last Runtime    Last Run
-------------------------------------  -----  ---------  --------  ----------  --------------  -------------------
/opt/airflow/dags/rakuten_pipeline.py                           1           0  0.11s           2026-05-21T05:59:23
================================================================================
[2026-05-21T05:59:32.865+0000] {manager.py:452} INFO - Exiting gracefully upon receiving signal 15
